-------------------------------------------------------------------------------
Test set: org.databene.benerator.engine.DefaultComponentIntegrationTest
-------------------------------------------------------------------------------
Tests run: 2, Failures: 0, Errors: 1, Skipped: 0, Time elapsed: 0.053 sec <<< FAILURE!
testDbIntegration(org.databene.benerator.engine.DefaultComponentIntegrationTest)  Time elapsed: 0.008 sec  <<< ERROR!
java.lang.NullPointerException
	at org.databene.commons.FileUtil.getFileIgnoreCase(FileUtil.java:281)
	at org.databene.jdbacl.DBUtil.getConnectData(DBUtil.java:114)
	at org.databene.platform.db.DBSystem.setEnvironment(DBSystem.java:196)
	at org.databene.platform.db.DBSystem.<init>(DBSystem.java:154)
	at org.databene.benerator.engine.statement.DefineDatabaseStatement.execute(DefineDatabaseStatement.java:104)
	at org.databene.benerator.engine.statement.SequentialStatement.executeSubStatements(SequentialStatement.java:51)
	at org.databene.benerator.engine.statement.SequentialStatement.execute(SequentialStatement.java:46)
	at org.databene.benerator.engine.BeneratorRootStatement.execute(BeneratorRootStatement.java:63)
	at org.databene.benerator.engine.DescriptorRunner.execute(DescriptorRunner.java:135)
	at org.databene.benerator.engine.DescriptorRunner.runWithoutShutdownHook(DescriptorRunner.java:116)
	at org.databene.benerator.engine.DescriptorRunner.run(DescriptorRunner.java:109)
	at org.databene.benerator.engine.DefaultComponentIntegrationTest.checkFile(DefaultComponentIntegrationTest.java:57)
	at org.databene.benerator.engine.DefaultComponentIntegrationTest.testDbIntegration(DefaultComponentIntegrationTest.java:50)
	at sun.reflect.NativeMethodAccessorImpl.invoke0(Native Method)
	at sun.reflect.NativeMethodAccessorImpl.invoke(NativeMethodAccessorImpl.java:39)
	at sun.reflect.DelegatingMethodAccessorImpl.invoke(DelegatingMethodAccessorImpl.java:25)
	at java.lang.reflect.Method.invoke(Method.java:597)
	at org.junit.runners.model.FrameworkMethod$1.runReflectiveCall(FrameworkMethod.java:44)
	at org.junit.internal.runners.model.ReflectiveCallable.run(ReflectiveCallable.java:15)
	at org.junit.runners.model.FrameworkMethod.invokeExplosively(FrameworkMethod.java:41)
	at org.junit.internal.runners.statements.InvokeMethod.evaluate(InvokeMethod.java:20)
	at org.junit.internal.runners.statements.RunBefores.evaluate(RunBefores.java:28)
	at org.junit.internal.runners.statements.RunAfters.evaluate(RunAfters.java:31)
	at org.junit.runners.ParentRunner.runLeaf(ParentRunner.java:263)
	at org.junit.runners.BlockJUnit4ClassRunner.runChild(BlockJUnit4ClassRunner.java:69)
	at org.junit.runners.BlockJUnit4ClassRunner.runChild(BlockJUnit4ClassRunner.java:48)
	at org.junit.runners.ParentRunner$3.run(ParentRunner.java:231)
	at org.junit.runners.ParentRunner$1.schedule(ParentRunner.java:60)
	at org.junit.runners.ParentRunner.runChildren(ParentRunner.java:229)
	at org.junit.runners.ParentRunner.access$000(ParentRunner.java:50)
	at org.junit.runners.ParentRunner$2.evaluate(ParentRunner.java:222)
	at org.junit.runners.ParentRunner.run(ParentRunner.java:292)
	at org.apache.maven.surefire.junit4.JUnit4TestSet.execute(JUnit4TestSet.java:35)
	at org.apache.maven.surefire.junit4.JUnit4Provider.executeTestSet(JUnit4Provider.java:115)
	at org.apache.maven.surefire.junit4.JUnit4Provider.invoke(JUnit4Provider.java:97)
	at sun.reflect.NativeMethodAccessorImpl.invoke0(Native Method)
	at sun.reflect.NativeMethodAccessorImpl.invoke(NativeMethodAccessorImpl.java:39)
	at sun.reflect.DelegatingMethodAccessorImpl.invoke(DelegatingMethodAccessorImpl.java:25)
	at java.lang.reflect.Method.invoke(Method.java:597)
	at org.apache.maven.surefire.booter.ProviderFactory$ClassLoaderProxy.invoke(ProviderFactory.java:103)
	at $Proxy0.invoke(Unknown Source)
	at org.apache.maven.surefire.booter.SurefireStarter.invokeProvider(SurefireStarter.java:150)
	at org.apache.maven.surefire.booter.SurefireStarter.runSuitesInProcess(SurefireStarter.java:91)
	at org.apache.maven.surefire.booter.ForkedBooter.main(ForkedBooter.java:69)

