<?xml version="1.0" encoding="UTF-8" ?>
<testsuite failures="0" time="3.264" errors="31" skipped="0" tests="32" name="org.databene.benerator.engine.DatabaseIntegrationTest">
  <properties>
[...]
</properties>
  <testcase time="1.691" classname="org.databene.benerator.engine.DatabaseIntegrationTest" name="testScriptResolution">
    <error type="java.lang.NullPointerException">java.lang.NullPointerException
	at org.databene.commons.FileUtil.getFileIgnoreCase(FileUtil.java:281)
	at org.databene.jdbacl.model.cache.CachingDBImporter.getCacheFile(CachingDBImporter.java:100)
	at org.databene.jdbacl.model.cache.CachingDBImporter.updateCacheFile(CachingDBImporter.java:131)
	at org.databene.platform.db.DBSystem.close(DBSystem.java:382)
	at org.databene.benerator.engine.DatabaseIntegrationTest.closeAndCheckCleanup(DatabaseIntegrationTest.java:608)
	at org.databene.benerator.engine.DatabaseIntegrationTest.testScriptResolution(DatabaseIntegrationTest.java:85)
	at sun.reflect.NativeMethodAccessorImpl.invoke0(Native Method)
	at sun.reflect.NativeMethodAccessorImpl.invoke(NativeMethodAccessorImpl.java:39)
	at sun.reflect.DelegatingMethodAccessorImpl.invoke(DelegatingMethodAccessorImpl.java:25)
	at java.lang.reflect.Method.invoke(Method.java:597)
	at org.junit.runners.model.FrameworkMethod$1.runReflectiveCall(FrameworkMethod.java:44)
	at org.junit.internal.runners.model.ReflectiveCallable.run(ReflectiveCallable.java:15)
	at org.junit.runners.model.FrameworkMethod.invokeExplosively(FrameworkMethod.java:41)
	at org.junit.internal.runners.statements.InvokeMethod.evaluate(InvokeMethod.java:20)
	at org.junit.internal.runners.statements.RunBefores.evaluate(RunBefores.java:28)
	at org.junit.internal.runners.statements.RunAfters.evaluate(RunAfters.java:31)
	at org.junit.runners.ParentRunner.runLeaf(ParentRunner.java:263)
	at org.junit.runners.BlockJUnit4ClassRunner.runChild(BlockJUnit4ClassRunner.java:69)
	at org.junit.runners.BlockJUnit4ClassRunner.runChild(BlockJUnit4ClassRunner.java:48)
	at org.junit.runners.ParentRunner$3.run(ParentRunner.java:231)
	at org.junit.runners.ParentRunner$1.schedule(ParentRunner.java:60)
	at org.junit.runners.ParentRunner.runChildren(ParentRunner.java:229)
	at org.junit.runners.ParentRunner.access$000(ParentRunner.java:50)
	at org.junit.runners.ParentRunner$2.evaluate(ParentRunner.java:222)
	at org.junit.runners.ParentRunner.run(ParentRunner.java:292)
	at org.apache.maven.surefire.junit4.JUnit4TestSet.execute(JUnit4TestSet.java:35)
	at org.apache.maven.surefire.junit4.JUnit4Provider.executeTestSet(JUnit4Provider.java:115)
	at org.apache.maven.surefire.junit4.JUnit4Provider.invoke(JUnit4Provider.java:97)
	at sun.reflect.NativeMethodAccessorImpl.invoke0(Native Method)
	at sun.reflect.NativeMethodAccessorImpl.invoke(NativeMethodAccessorImpl.java:39)
	at sun.reflect.DelegatingMethodAccessorImpl.invoke(DelegatingMethodAccessorImpl.java:25)
	at java.lang.reflect.Method.invoke(Method.java:597)
	at org.apache.maven.surefire.booter.ProviderFactory$ClassLoaderProxy.invoke(ProviderFactory.java:103)
	at $Proxy0.invoke(Unknown Source)
	at org.apache.maven.surefire.booter.SurefireStarter.invokeProvider(SurefireStarter.java:150)
	at org.apache.maven.surefire.booter.SurefireStarter.runSuitesInProcess(SurefireStarter.java:91)
	at org.apache.maven.surefire.booter.ForkedBooter.main(ForkedBooter.java:69)
</error>
    <system-out>@SLTests run: 1, Failures: 0, Errors: 0, Skipped: 0, Time elapsed: 0.136 sec
@SLRunning org.databene.benerator.engine.DatabaseIntegrationTest
14:28:00,436 INFO  [JDBC] Connected to HSQL Database Engine 1.8.0
14:28:00,436 INFO  [JDBC] Using driver HSQL Database Engine Driver 1.8.0
14:28:00,436 INFO  [JDBC] JDBC version 3.0
14:28:00,539 INFO  [JDBCDBImporter] Importing tables from ___temp
14:28:00,634 INFO  [DBSystem] Fetching table details and ordering tables by dependency
14:28:00,696 INFO  [EvaluateStatement] Executing inline script
</system-out>
  </testcase>
  <testcase time="0.049" classname="org.databene.benerator.engine.DatabaseIntegrationTest" name="testDbRef_default_nullable">
    <error type="java.lang.NullPointerException">java.lang.NullPointerException
	at org.databene.commons.FileUtil.getFileIgnoreCase(FileUtil.java:281)
	at org.databene.jdbacl.model.cache.CachingDBImporter.getCacheFile(CachingDBImporter.java:100)
	at org.databene.jdbacl.model.cache.CachingDBImporter.updateCacheFile(CachingDBImporter.java:131)
	at org.databene.platform.db.DBSystem.close(DBSystem.java:382)
	at org.databene.benerator.engine.DatabaseIntegrationTest.closeAndCheckCleanup(DatabaseIntegrationTest.java:608)
	at org.databene.benerator.engine.DatabaseIntegrationTest.testDbRef_default_nullable(DatabaseIntegrationTest.java:96)
	at sun.reflect.NativeMethodAccessorImpl.invoke0(Native Method)
	at sun.reflect.NativeMethodAccessorImpl.invoke(NativeMethodAccessorImpl.java:39)
	at sun.reflect.DelegatingMethodAccessorImpl.invoke(DelegatingMethodAccessorImpl.java:25)
	at java.lang.reflect.Method.invoke(Method.java:597)
	at org.junit.runners.model.FrameworkMethod$1.runReflectiveCall(FrameworkMethod.java:44)
	at org.junit.internal.runners.model.ReflectiveCallable.run(ReflectiveCallable.java:15)
	at org.junit.runners.model.FrameworkMethod.invokeExplosively(FrameworkMethod.java:41)
	at org.junit.internal.runners.statements.InvokeMethod.evaluate(InvokeMethod.java:20)
	at org.junit.internal.runners.statements.RunBefores.evaluate(RunBefores.java:28)
	at org.junit.internal.runners.statements.RunAfters.evaluate(RunAfters.java:31)
	at org.junit.runners.ParentRunner.runLeaf(ParentRunner.java:263)
	at org.junit.runners.BlockJUnit4ClassRunner.runChild(BlockJUnit4ClassRunner.java:69)
	at org.junit.runners.BlockJUnit4ClassRunner.runChild(BlockJUnit4ClassRunner.java:48)
	at org.junit.runners.ParentRunner$3.run(ParentRunner.java:231)
	at org.junit.runners.ParentRunner$1.schedule(ParentRunner.java:60)
	at org.junit.runners.ParentRunner.runChildren(ParentRunner.java:229)
	at org.junit.runners.ParentRunner.access$000(ParentRunner.java:50)
	at org.junit.runners.ParentRunner$2.evaluate(ParentRunner.java:222)
	at org.junit.runners.ParentRunner.run(ParentRunner.java:292)
	at org.apache.maven.surefire.junit4.JUnit4TestSet.execute(JUnit4TestSet.java:35)
	at org.apache.maven.surefire.junit4.JUnit4Provider.executeTestSet(JUnit4Provider.java:115)
	at org.apache.maven.surefire.junit4.JUnit4Provider.invoke(JUnit4Provider.java:97)
	at sun.reflect.NativeMethodAccessorImpl.invoke0(Native Method)
	at sun.reflect.NativeMethodAccessorImpl.invoke(NativeMethodAccessorImpl.java:39)
	at sun.reflect.DelegatingMethodAccessorImpl.invoke(DelegatingMethodAccessorImpl.java:25)
	at java.lang.reflect.Method.invoke(Method.java:597)
	at org.apache.maven.surefire.booter.ProviderFactory$ClassLoaderProxy.invoke(ProviderFactory.java:103)
	at $Proxy0.invoke(Unknown Source)
	at org.apache.maven.surefire.booter.SurefireStarter.invokeProvider(SurefireStarter.java:150)
	at org.apache.maven.surefire.booter.SurefireStarter.runSuitesInProcess(SurefireStarter.java:91)
	at org.apache.maven.surefire.booter.ForkedBooter.main(ForkedBooter.java:69)
</error>
    <system-out>14:28:00,740 INFO  [JDBC] Connected to HSQL Database Engine 1.8.0
14:28:00,740 INFO  [JDBC] Using driver HSQL Database Engine Driver 1.8.0
14:28:00,740 INFO  [JDBC] JDBC version 3.0
14:28:00,749 INFO  [JDBCDBImporter] Importing tables from ___temp
14:28:00,750 INFO  [DBSystem] Fetching table details and ordering tables by dependency
14:28:00,777 INFO  [PagedTaskRunner] Running task GenerateAndConsumeTask(REFERER) 3 times with page size 1 in a single thread
14:28:00,785 INFO  [TimedGeneratorStatement] Created 3 data sets from &apos;referer&apos; setup in 9 ms (333/s)
</system-out>
  </testcase>
  <testcase time="0.064" classname="org.databene.benerator.engine.DatabaseIntegrationTest" name="testDbRef_default_not_null_defaultOneToOne">
    <error type="java.lang.NullPointerException">java.lang.NullPointerException
	at org.databene.commons.FileUtil.getFileIgnoreCase(FileUtil.java:281)
	at org.databene.jdbacl.model.cache.CachingDBImporter.getCacheFile(CachingDBImporter.java:100)
	at org.databene.jdbacl.model.cache.CachingDBImporter.updateCacheFile(CachingDBImporter.java:131)
	at org.databene.platform.db.DBSystem.close(DBSystem.java:382)
	at org.databene.benerator.engine.DatabaseIntegrationTest.closeAndCheckCleanup(DatabaseIntegrationTest.java:608)
	at org.databene.benerator.engine.DatabaseIntegrationTest.testDbRef_default_not_null_defaultOneToOne(DatabaseIntegrationTest.java:113)
	at sun.reflect.NativeMethodAccessorImpl.invoke0(Native Method)
	at sun.reflect.NativeMethodAccessorImpl.invoke(NativeMethodAccessorImpl.java:39)
	at sun.reflect.DelegatingMethodAccessorImpl.invoke(DelegatingMethodAccessorImpl.java:25)
	at java.lang.reflect.Method.invoke(Method.java:597)
	at org.junit.runners.model.FrameworkMethod$1.runReflectiveCall(FrameworkMethod.java:44)
	at org.junit.internal.runners.model.ReflectiveCallable.run(ReflectiveCallable.java:15)
	at org.junit.runners.model.FrameworkMethod.invokeExplosively(FrameworkMethod.java:41)
	at org.junit.internal.runners.statements.InvokeMethod.evaluate(InvokeMethod.java:20)
	at org.junit.internal.runners.statements.RunBefores.evaluate(RunBefores.java:28)
	at org.junit.internal.runners.statements.RunAfters.evaluate(RunAfters.java:31)
	at org.junit.runners.ParentRunner.runLeaf(ParentRunner.java:263)
	at org.junit.runners.BlockJUnit4ClassRunner.runChild(BlockJUnit4ClassRunner.java:69)
	at org.junit.runners.BlockJUnit4ClassRunner.runChild(BlockJUnit4ClassRunner.java:48)
	at org.junit.runners.ParentRunner$3.run(ParentRunner.java:231)
	at org.junit.runners.ParentRunner$1.schedule(ParentRunner.java:60)
	at org.junit.runners.ParentRunner.runChildren(ParentRunner.java:229)
	at org.junit.runners.ParentRunner.access$000(ParentRunner.java:50)
	at org.junit.runners.ParentRunner$2.evaluate(ParentRunner.java:222)
	at org.junit.runners.ParentRunner.run(ParentRunner.java:292)
	at org.apache.maven.surefire.junit4.JUnit4TestSet.execute(JUnit4TestSet.java:35)
	at org.apache.maven.surefire.junit4.JUnit4Provider.executeTestSet(JUnit4Provider.java:115)
	at org.apache.maven.surefire.junit4.JUnit4Provider.invoke(JUnit4Provider.java:97)
	at sun.reflect.NativeMethodAccessorImpl.invoke0(Native Method)
	at sun.reflect.NativeMethodAccessorImpl.invoke(NativeMethodAccessorImpl.java:39)
	at sun.reflect.DelegatingMethodAccessorImpl.invoke(DelegatingMethodAccessorImpl.java:25)
	at java.lang.reflect.Method.invoke(Method.java:597)
	at org.apache.maven.surefire.booter.ProviderFactory$ClassLoaderProxy.invoke(ProviderFactory.java:103)
	at $Proxy0.invoke(Unknown Source)
	at org.apache.maven.surefire.booter.SurefireStarter.invokeProvider(SurefireStarter.java:150)
	at org.apache.maven.surefire.booter.SurefireStarter.runSuitesInProcess(SurefireStarter.java:91)
	at org.apache.maven.surefire.booter.ForkedBooter.main(ForkedBooter.java:69)
</error>
    <system-out>14:28:00,790 INFO  [JDBC] Connected to HSQL Database Engine 1.8.0
14:28:00,790 INFO  [JDBC] Using driver HSQL Database Engine Driver 1.8.0
14:28:00,791 INFO  [JDBC] JDBC version 3.0
14:28:00,803 INFO  [JDBCDBImporter] Importing tables from ___temp
14:28:00,805 INFO  [DBSystem] Fetching table details and ordering tables by dependency
14:28:00,840 INFO  [PagedTaskRunner] Running task GenerateAndConsumeTask(REFERER) 
14:28:00,850 INFO  [TimedGeneratorStatement] Created 2 data sets from &apos;referer&apos; setup in 19 ms (105/s)
</system-out>
  </testcase>
  <testcase time="0.052" classname="org.databene.benerator.engine.DatabaseIntegrationTest" name="testDbRef_default_not_null_defaultManyToOne">
    <error type="java.lang.NullPointerException">java.lang.NullPointerException
	at org.databene.commons.FileUtil.getFileIgnoreCase(FileUtil.java:281)
	at org.databene.jdbacl.model.cache.CachingDBImporter.getCacheFile(CachingDBImporter.java:100)
	at org.databene.jdbacl.model.cache.CachingDBImporter.updateCacheFile(CachingDBImporter.java:131)
	at org.databene.platform.db.DBSystem.close(DBSystem.java:382)
	at org.databene.benerator.engine.DatabaseIntegrationTest.closeAndCheckCleanup(DatabaseIntegrationTest.java:608)
	at org.databene.benerator.engine.DatabaseIntegrationTest.testDbRef_default_not_null_defaultManyToOne(DatabaseIntegrationTest.java:129)
	at sun.reflect.NativeMethodAccessorImpl.invoke0(Native Method)
	at sun.reflect.NativeMethodAccessorImpl.invoke(NativeMethodAccessorImpl.java:39)
	at sun.reflect.DelegatingMethodAccessorImpl.invoke(DelegatingMethodAccessorImpl.java:25)
	at java.lang.reflect.Method.invoke(Method.java:597)
	at org.junit.runners.model.FrameworkMethod$1.runReflectiveCall(FrameworkMethod.java:44)
	at org.junit.internal.runners.model.ReflectiveCallable.run(ReflectiveCallable.java:15)
	at org.junit.runners.model.FrameworkMethod.invokeExplosively(FrameworkMethod.java:41)
	at org.junit.internal.runners.statements.InvokeMethod.evaluate(InvokeMethod.java:20)
	at org.junit.internal.runners.statements.RunBefores.evaluate(RunBefores.java:28)
	at org.junit.internal.runners.statements.RunAfters.evaluate(RunAfters.java:31)
	at org.junit.runners.ParentRunner.runLeaf(ParentRunner.java:263)
	at org.junit.runners.BlockJUnit4ClassRunner.runChild(BlockJUnit4ClassRunner.java:69)
	at org.junit.runners.BlockJUnit4ClassRunner.runChild(BlockJUnit4ClassRunner.java:48)
	at org.junit.runners.ParentRunner$3.run(ParentRunner.java:231)
	at org.junit.runners.ParentRunner$1.schedule(ParentRunner.java:60)
	at org.junit.runners.ParentRunner.runChildren(ParentRunner.java:229)
	at org.junit.runners.ParentRunner.access$000(ParentRunner.java:50)
	at org.junit.runners.ParentRunner$2.evaluate(ParentRunner.java:222)
	at org.junit.runners.ParentRunner.run(ParentRunner.java:292)
	at org.apache.maven.surefire.junit4.JUnit4TestSet.execute(JUnit4TestSet.java:35)
	at org.apache.maven.surefire.junit4.JUnit4Provider.executeTestSet(JUnit4Provider.java:115)
	at org.apache.maven.surefire.junit4.JUnit4Provider.invoke(JUnit4Provider.java:97)
	at sun.reflect.NativeMethodAccessorImpl.invoke0(Native Method)
	at sun.reflect.NativeMethodAccessorImpl.invoke(NativeMethodAccessorImpl.java:39)
	at sun.reflect.DelegatingMethodAccessorImpl.invoke(DelegatingMethodAccessorImpl.java:25)
	at java.lang.reflect.Method.invoke(Method.java:597)
	at org.apache.maven.surefire.booter.ProviderFactory$ClassLoaderProxy.invoke(ProviderFactory.java:103)
	at $Proxy0.invoke(Unknown Source)
	at org.apache.maven.surefire.booter.SurefireStarter.invokeProvider(SurefireStarter.java:150)
	at org.apache.maven.surefire.booter.SurefireStarter.runSuitesInProcess(SurefireStarter.java:91)
	at org.apache.maven.surefire.booter.ForkedBooter.main(ForkedBooter.java:69)
</error>
    <system-out>14:28:00,854 INFO  [JDBC] Connected to HSQL Database Engine 1.8.0
14:28:00,854 INFO  [JDBC] Using driver HSQL Database Engine Driver 1.8.0
14:28:00,854 INFO  [JDBC] JDBC version 3.0
14:28:00,859 INFO  [JDBCDBImporter] Importing tables from ___temp
14:28:00,862 INFO  [DBSystem] Fetching table details and ordering tables by dependency
14:28:00,893 INFO  [PagedTaskRunner] Running task GenerateAndConsumeTask(REFERER) 3 times with page size 1 in a single thread
14:28:00,901 INFO  [TimedGeneratorStatement] Created 3 data sets from &apos;referer&apos; setup in 10 ms (300/s)
</system-out>
  </testcase>
  <testcase time="0.038" classname="org.databene.benerator.engine.DatabaseIntegrationTest" name="testDbRef_distribution">
    <error type="java.lang.NullPointerException">java.lang.NullPointerException
	at org.databene.commons.FileUtil.getFileIgnoreCase(FileUtil.java:281)
	at org.databene.jdbacl.model.cache.CachingDBImporter.getCacheFile(CachingDBImporter.java:100)
	at org.databene.jdbacl.model.cache.CachingDBImporter.updateCacheFile(CachingDBImporter.java:131)
	at org.databene.platform.db.DBSystem.close(DBSystem.java:382)
	at org.databene.benerator.engine.DatabaseIntegrationTest.closeAndCheckCleanup(DatabaseIntegrationTest.java:608)
	at org.databene.benerator.engine.DatabaseIntegrationTest.testDbRef_distribution(DatabaseIntegrationTest.java:146)
	at sun.reflect.NativeMethodAccessorImpl.invoke0(Native Method)
	at sun.reflect.NativeMethodAccessorImpl.invoke(NativeMethodAccessorImpl.java:39)
	at sun.reflect.DelegatingMethodAccessorImpl.invoke(DelegatingMethodAccessorImpl.java:25)
	at java.lang.reflect.Method.invoke(Method.java:597)
	at org.junit.runners.model.FrameworkMethod$1.runReflectiveCall(FrameworkMethod.java:44)
	at org.junit.internal.runners.model.ReflectiveCallable.run(ReflectiveCallable.java:15)
	at org.junit.runners.model.FrameworkMethod.invokeExplosively(FrameworkMethod.java:41)
	at org.junit.internal.runners.statements.InvokeMethod.evaluate(InvokeMethod.java:20)
	at org.junit.internal.runners.statements.RunBefores.evaluate(RunBefores.java:28)
	at org.junit.internal.runners.statements.RunAfters.evaluate(RunAfters.java:31)
	at org.junit.runners.ParentRunner.runLeaf(ParentRunner.java:263)
	at org.junit.runners.BlockJUnit4ClassRunner.runChild(BlockJUnit4ClassRunner.java:69)
	at org.junit.runners.BlockJUnit4ClassRunner.runChild(BlockJUnit4ClassRunner.java:48)
	at org.junit.runners.ParentRunner$3.run(ParentRunner.java:231)
	at org.junit.runners.ParentRunner$1.schedule(ParentRunner.java:60)
	at org.junit.runners.ParentRunner.runChildren(ParentRunner.java:229)
	at org.junit.runners.ParentRunner.access$000(ParentRunner.java:50)
	at org.junit.runners.ParentRunner$2.evaluate(ParentRunner.java:222)
	at org.junit.runners.ParentRunner.run(ParentRunner.java:292)
	at org.apache.maven.surefire.junit4.JUnit4TestSet.execute(JUnit4TestSet.java:35)
	at org.apache.maven.surefire.junit4.JUnit4Provider.executeTestSet(JUnit4Provider.java:115)
	at org.apache.maven.surefire.junit4.JUnit4Provider.invoke(JUnit4Provider.java:97)
	at sun.reflect.NativeMethodAccessorImpl.invoke0(Native Method)
	at sun.reflect.NativeMethodAccessorImpl.invoke(NativeMethodAccessorImpl.java:39)
	at sun.reflect.DelegatingMethodAccessorImpl.invoke(DelegatingMethodAccessorImpl.java:25)
	at java.lang.reflect.Method.invoke(Method.java:597)
	at org.apache.maven.surefire.booter.ProviderFactory$ClassLoaderProxy.invoke(ProviderFactory.java:103)
	at $Proxy0.invoke(Unknown Source)
	at org.apache.maven.surefire.booter.SurefireStarter.invokeProvider(SurefireStarter.java:150)
	at org.apache.maven.surefire.booter.SurefireStarter.runSuitesInProcess(SurefireStarter.java:91)
	at org.apache.maven.surefire.booter.ForkedBooter.main(ForkedBooter.java:69)
</error>
    <system-out>14:28:00,909 INFO  [JDBC] Connected to HSQL Database Engine 1.8.0
14:28:00,909 INFO  [JDBC] Using driver HSQL Database Engine Driver 1.8.0
14:28:00,909 INFO  [JDBC] JDBC version 3.0
14:28:00,914 INFO  [JDBCDBImporter] Importing tables from ___temp
14:28:00,915 INFO  [DBSystem] Fetching table details and ordering tables by dependency
14:28:00,944 INFO  [PagedTaskRunner] Running task GenerateAndConsumeTask(REFERER) 3 times with page size 1 in a single thread
14:28:00,944 INFO  [TimedGeneratorStatement] Created 3 data sets from &apos;referer&apos; setup in 4 ms (750/s)
</system-out>
  </testcase>
  <testcase time="0.033" classname="org.databene.benerator.engine.DatabaseIntegrationTest" name="testDbRef_values">
    <error type="java.lang.NullPointerException">java.lang.NullPointerException
	at org.databene.commons.FileUtil.getFileIgnoreCase(FileUtil.java:281)
	at org.databene.jdbacl.model.cache.CachingDBImporter.getCacheFile(CachingDBImporter.java:100)
	at org.databene.jdbacl.model.cache.CachingDBImporter.updateCacheFile(CachingDBImporter.java:131)
	at org.databene.platform.db.DBSystem.close(DBSystem.java:382)
	at org.databene.benerator.engine.DatabaseIntegrationTest.closeAndCheckCleanup(DatabaseIntegrationTest.java:608)
	at org.databene.benerator.engine.DatabaseIntegrationTest.testDbRef_values(DatabaseIntegrationTest.java:159)
	at sun.reflect.NativeMethodAccessorImpl.invoke0(Native Method)
	at sun.reflect.NativeMethodAccessorImpl.invoke(NativeMethodAccessorImpl.java:39)
	at sun.reflect.DelegatingMethodAccessorImpl.invoke(DelegatingMethodAccessorImpl.java:25)
	at java.lang.reflect.Method.invoke(Method.java:597)
	at org.junit.runners.model.FrameworkMethod$1.runReflectiveCall(FrameworkMethod.java:44)
	at org.junit.internal.runners.model.ReflectiveCallable.run(ReflectiveCallable.java:15)
	at org.junit.runners.model.FrameworkMethod.invokeExplosively(FrameworkMethod.java:41)
	at org.junit.internal.runners.statements.InvokeMethod.evaluate(InvokeMethod.java:20)
	at org.junit.internal.runners.statements.RunBefores.evaluate(RunBefores.java:28)
	at org.junit.internal.runners.statements.RunAfters.evaluate(RunAfters.java:31)
	at org.junit.runners.ParentRunner.runLeaf(ParentRunner.java:263)
	at org.junit.runners.BlockJUnit4ClassRunner.runChild(BlockJUnit4ClassRunner.java:69)
	at org.junit.runners.BlockJUnit4ClassRunner.runChild(BlockJUnit4ClassRunner.java:48)
	at org.junit.runners.ParentRunner$3.run(ParentRunner.java:231)
	at org.junit.runners.ParentRunner$1.schedule(ParentRunner.java:60)
	at org.junit.runners.ParentRunner.runChildren(ParentRunner.java:229)
	at org.junit.runners.ParentRunner.access$000(ParentRunner.java:50)
	at org.junit.runners.ParentRunner$2.evaluate(ParentRunner.java:222)
	at org.junit.runners.ParentRunner.run(ParentRunner.java:292)
	at org.apache.maven.surefire.junit4.JUnit4TestSet.execute(JUnit4TestSet.java:35)
	at org.apache.maven.surefire.junit4.JUnit4Provider.executeTestSet(JUnit4Provider.java:115)
	at org.apache.maven.surefire.junit4.JUnit4Provider.invoke(JUnit4Provider.java:97)
	at sun.reflect.NativeMethodAccessorImpl.invoke0(Native Method)
	at sun.reflect.NativeMethodAccessorImpl.invoke(NativeMethodAccessorImpl.java:39)
	at sun.reflect.DelegatingMethodAccessorImpl.invoke(DelegatingMethodAccessorImpl.java:25)
	at java.lang.reflect.Method.invoke(Method.java:597)
	at org.apache.maven.surefire.booter.ProviderFactory$ClassLoaderProxy.invoke(ProviderFactory.java:103)
	at $Proxy0.invoke(Unknown Source)
	at org.apache.maven.surefire.booter.SurefireStarter.invokeProvider(SurefireStarter.java:150)
	at org.apache.maven.surefire.booter.SurefireStarter.runSuitesInProcess(SurefireStarter.java:91)
	at org.apache.maven.surefire.booter.ForkedBooter.main(ForkedBooter.java:69)
</error>
    <system-out>14:28:00,948 INFO  [JDBC] Connected to HSQL Database Engine 1.8.0
14:28:00,948 INFO  [JDBC] Using driver HSQL Database Engine Driver 1.8.0
14:28:00,948 INFO  [JDBC] JDBC version 3.0
14:28:00,953 INFO  [JDBCDBImporter] Importing tables from ___temp
14:28:00,954 INFO  [DBSystem] Fetching table details and ordering tables by dependency
14:28:00,968 INFO  [PagedTaskRunner] Running task GenerateAndConsumeTask(REFERER) 3 times with page size 1 in a single thread
14:28:00,975 INFO  [TimedGeneratorStatement] Created 3 data sets from &apos;referer&apos; setup in 9 ms (333/s)
</system-out>
  </testcase>
  <testcase time="0.055" classname="org.databene.benerator.engine.DatabaseIntegrationTest" name="testDbRef_constant">
    <error type="java.lang.NullPointerException">java.lang.NullPointerException
	at org.databene.commons.FileUtil.getFileIgnoreCase(FileUtil.java:281)
	at org.databene.jdbacl.model.cache.CachingDBImporter.getCacheFile(CachingDBImporter.java:100)
	at org.databene.jdbacl.model.cache.CachingDBImporter.updateCacheFile(CachingDBImporter.java:131)
	at org.databene.platform.db.DBSystem.close(DBSystem.java:382)
	at org.databene.benerator.engine.DatabaseIntegrationTest.closeAndCheckCleanup(DatabaseIntegrationTest.java:608)
	at org.databene.benerator.engine.DatabaseIntegrationTest.testDbRef_constant(DatabaseIntegrationTest.java:173)
	at sun.reflect.NativeMethodAccessorImpl.invoke0(Native Method)
	at sun.reflect.NativeMethodAccessorImpl.invoke(NativeMethodAccessorImpl.java:39)
	at sun.reflect.DelegatingMethodAccessorImpl.invoke(DelegatingMethodAccessorImpl.java:25)
	at java.lang.reflect.Method.invoke(Method.java:597)
	at org.junit.runners.model.FrameworkMethod$1.runReflectiveCall(FrameworkMethod.java:44)
	at org.junit.internal.runners.model.ReflectiveCallable.run(ReflectiveCallable.java:15)
	at org.junit.runners.model.FrameworkMethod.invokeExplosively(FrameworkMethod.java:41)
	at org.junit.internal.runners.statements.InvokeMethod.evaluate(InvokeMethod.java:20)
	at org.junit.internal.runners.statements.RunBefores.evaluate(RunBefores.java:28)
	at org.junit.internal.runners.statements.RunAfters.evaluate(RunAfters.java:31)
	at org.junit.runners.ParentRunner.runLeaf(ParentRunner.java:263)
	at org.junit.runners.BlockJUnit4ClassRunner.runChild(BlockJUnit4ClassRunner.java:69)
	at org.junit.runners.BlockJUnit4ClassRunner.runChild(BlockJUnit4ClassRunner.java:48)
	at org.junit.runners.ParentRunner$3.run(ParentRunner.java:231)
	at org.junit.runners.ParentRunner$1.schedule(ParentRunner.java:60)
	at org.junit.runners.ParentRunner.runChildren(ParentRunner.java:229)
	at org.junit.runners.ParentRunner.access$000(ParentRunner.java:50)
	at org.junit.runners.ParentRunner$2.evaluate(ParentRunner.java:222)
	at org.junit.runners.ParentRunner.run(ParentRunner.java:292)
	at org.apache.maven.surefire.junit4.JUnit4TestSet.execute(JUnit4TestSet.java:35)
	at org.apache.maven.surefire.junit4.JUnit4Provider.executeTestSet(JUnit4Provider.java:115)
	at org.apache.maven.surefire.junit4.JUnit4Provider.invoke(JUnit4Provider.java:97)
	at sun.reflect.NativeMethodAccessorImpl.invoke0(Native Method)
	at sun.reflect.NativeMethodAccessorImpl.invoke(NativeMethodAccessorImpl.java:39)
	at sun.reflect.DelegatingMethodAccessorImpl.invoke(DelegatingMethodAccessorImpl.java:25)
	at java.lang.reflect.Method.invoke(Method.java:597)
	at org.apache.maven.surefire.booter.ProviderFactory$ClassLoaderProxy.invoke(ProviderFactory.java:103)
	at $Proxy0.invoke(Unknown Source)
	at org.apache.maven.surefire.booter.SurefireStarter.invokeProvider(SurefireStarter.java:150)
	at org.apache.maven.surefire.booter.SurefireStarter.runSuitesInProcess(SurefireStarter.java:91)
	at org.apache.maven.surefire.booter.ForkedBooter.main(ForkedBooter.java:69)
</error>
    <system-out>14:28:00,983 INFO  [JDBC] Connected to HSQL Database Engine 1.8.0
14:28:00,983 INFO  [JDBC] Using driver HSQL Database Engine Driver 1.8.0
14:28:00,983 INFO  [JDBC] JDBC version 3.0
14:28:00,988 INFO  [JDBCDBImporter] Importing tables from ___temp
14:28:00,989 INFO  [DBSystem] Fetching table details and ordering tables by dependency
14:28:01,009 INFO  [PagedTaskRunner] Running task GenerateAndConsumeTask(REFERER) 3 times with page size 1 in a single thread
14:28:01,030 INFO  [TimedGeneratorStatement] Created 3 data sets from &apos;referer&apos; setup in 23 ms (130/s)
</system-out>
  </testcase>
  <testcase time="0.023" classname="org.databene.benerator.engine.DatabaseIntegrationTest" name="testDbRef_constant_script">
    <error type="java.lang.NullPointerException">java.lang.NullPointerException
	at org.databene.commons.FileUtil.getFileIgnoreCase(FileUtil.java:281)
	at org.databene.jdbacl.model.cache.CachingDBImporter.getCacheFile(CachingDBImporter.java:100)
	at org.databene.jdbacl.model.cache.CachingDBImporter.updateCacheFile(CachingDBImporter.java:131)
	at org.databene.platform.db.DBSystem.close(DBSystem.java:382)
	at org.databene.benerator.engine.DatabaseIntegrationTest.closeAndCheckCleanup(DatabaseIntegrationTest.java:608)
	at org.databene.benerator.engine.DatabaseIntegrationTest.testDbRef_constant_script(DatabaseIntegrationTest.java:188)
	at sun.reflect.NativeMethodAccessorImpl.invoke0(Native Method)
	at sun.reflect.NativeMethodAccessorImpl.invoke(NativeMethodAccessorImpl.java:39)
	at sun.reflect.DelegatingMethodAccessorImpl.invoke(DelegatingMethodAccessorImpl.java:25)
	at java.lang.reflect.Method.invoke(Method.java:597)
	at org.junit.runners.model.FrameworkMethod$1.runReflectiveCall(FrameworkMethod.java:44)
	at org.junit.internal.runners.model.ReflectiveCallable.run(ReflectiveCallable.java:15)
	at org.junit.runners.model.FrameworkMethod.invokeExplosively(FrameworkMethod.java:41)
	at org.junit.internal.runners.statements.InvokeMethod.evaluate(InvokeMethod.java:20)
	at org.junit.internal.runners.statements.RunBefores.evaluate(RunBefores.java:28)
	at org.junit.internal.runners.statements.RunAfters.evaluate(RunAfters.java:31)
	at org.junit.runners.ParentRunner.runLeaf(ParentRunner.java:263)
	at org.junit.runners.BlockJUnit4ClassRunner.runChild(BlockJUnit4ClassRunner.java:69)
	at org.junit.runners.BlockJUnit4ClassRunner.runChild(BlockJUnit4ClassRunner.java:48)
	at org.junit.runners.ParentRunner$3.run(ParentRunner.java:231)
	at org.junit.runners.ParentRunner$1.schedule(ParentRunner.java:60)
	at org.junit.runners.ParentRunner.runChildren(ParentRunner.java:229)
	at org.junit.runners.ParentRunner.access$000(ParentRunner.java:50)
	at org.junit.runners.ParentRunner$2.evaluate(ParentRunner.java:222)
	at org.junit.runners.ParentRunner.run(ParentRunner.java:292)
	at org.apache.maven.surefire.junit4.JUnit4TestSet.execute(JUnit4TestSet.java:35)
	at org.apache.maven.surefire.junit4.JUnit4Provider.executeTestSet(JUnit4Provider.java:115)
	at org.apache.maven.surefire.junit4.JUnit4Provider.invoke(JUnit4Provider.java:97)
	at sun.reflect.NativeMethodAccessorImpl.invoke0(Native Method)
	at sun.reflect.NativeMethodAccessorImpl.invoke(NativeMethodAccessorImpl.java:39)
	at sun.reflect.DelegatingMethodAccessorImpl.invoke(DelegatingMethodAccessorImpl.java:25)
	at java.lang.reflect.Method.invoke(Method.java:597)
	at org.apache.maven.surefire.booter.ProviderFactory$ClassLoaderProxy.invoke(ProviderFactory.java:103)
	at $Proxy0.invoke(Unknown Source)
	at org.apache.maven.surefire.booter.SurefireStarter.invokeProvider(SurefireStarter.java:150)
	at org.apache.maven.surefire.booter.SurefireStarter.runSuitesInProcess(SurefireStarter.java:91)
	at org.apache.maven.surefire.booter.ForkedBooter.main(ForkedBooter.java:69)
</error>
    <system-out>14:28:01,036 INFO  [JDBC] Connected to HSQL Database Engine 1.8.0
14:28:01,036 INFO  [JDBC] Using driver HSQL Database Engine Driver 1.8.0
14:28:01,036 INFO  [JDBC] JDBC version 3.0
14:28:01,041 INFO  [JDBCDBImporter] Importing tables from ___temp
14:28:01,043 INFO  [DBSystem] Fetching table details and ordering tables by dependency
14:28:01,055 INFO  [PagedTaskRunner] Running task GenerateAndConsumeTask(REFERER) 3 times with page size 1 in a single thread
14:28:01,056 INFO  [TimedGeneratorStatement] Created 3 data sets from &apos;referer&apos; setup in 2 ms (1500/s)
</system-out>
  </testcase>
  <testcase time="0.031" classname="org.databene.benerator.engine.DatabaseIntegrationTest" name="testDbRef_attribute_constant_script">
    <error type="java.lang.NullPointerException">java.lang.NullPointerException
	at org.databene.commons.FileUtil.getFileIgnoreCase(FileUtil.java:281)
	at org.databene.jdbacl.model.cache.CachingDBImporter.getCacheFile(CachingDBImporter.java:100)
	at org.databene.jdbacl.model.cache.CachingDBImporter.updateCacheFile(CachingDBImporter.java:131)
	at org.databene.platform.db.DBSystem.close(DBSystem.java:382)
	at org.databene.benerator.engine.DatabaseIntegrationTest.closeAndCheckCleanup(DatabaseIntegrationTest.java:608)
	at org.databene.benerator.engine.DatabaseIntegrationTest.testDbRef_attribute_constant_script(DatabaseIntegrationTest.java:202)
	at sun.reflect.NativeMethodAccessorImpl.invoke0(Native Method)
	at sun.reflect.NativeMethodAccessorImpl.invoke(NativeMethodAccessorImpl.java:39)
	at sun.reflect.DelegatingMethodAccessorImpl.invoke(DelegatingMethodAccessorImpl.java:25)
	at java.lang.reflect.Method.invoke(Method.java:597)
	at org.junit.runners.model.FrameworkMethod$1.runReflectiveCall(FrameworkMethod.java:44)
	at org.junit.internal.runners.model.ReflectiveCallable.run(ReflectiveCallable.java:15)
	at org.junit.runners.model.FrameworkMethod.invokeExplosively(FrameworkMethod.java:41)
	at org.junit.internal.runners.statements.InvokeMethod.evaluate(InvokeMethod.java:20)
	at org.junit.internal.runners.statements.RunBefores.evaluate(RunBefores.java:28)
	at org.junit.internal.runners.statements.RunAfters.evaluate(RunAfters.java:31)
	at org.junit.runners.ParentRunner.runLeaf(ParentRunner.java:263)
	at org.junit.runners.BlockJUnit4ClassRunner.runChild(BlockJUnit4ClassRunner.java:69)
	at org.junit.runners.BlockJUnit4ClassRunner.runChild(BlockJUnit4ClassRunner.java:48)
	at org.junit.runners.ParentRunner$3.run(ParentRunner.java:231)
	at org.junit.runners.ParentRunner$1.schedule(ParentRunner.java:60)
	at org.junit.runners.ParentRunner.runChildren(ParentRunner.java:229)
	at org.junit.runners.ParentRunner.access$000(ParentRunner.java:50)
	at org.junit.runners.ParentRunner$2.evaluate(ParentRunner.java:222)
	at org.junit.runners.ParentRunner.run(ParentRunner.java:292)
	at org.apache.maven.surefire.junit4.JUnit4TestSet.execute(JUnit4TestSet.java:35)
	at org.apache.maven.surefire.junit4.JUnit4Provider.executeTestSet(JUnit4Provider.java:115)
	at org.apache.maven.surefire.junit4.JUnit4Provider.invoke(JUnit4Provider.java:97)
	at sun.reflect.NativeMethodAccessorImpl.invoke0(Native Method)
	at sun.reflect.NativeMethodAccessorImpl.invoke(NativeMethodAccessorImpl.java:39)
	at sun.reflect.DelegatingMethodAccessorImpl.invoke(DelegatingMethodAccessorImpl.java:25)
	at java.lang.reflect.Method.invoke(Method.java:597)
	at org.apache.maven.surefire.booter.ProviderFactory$ClassLoaderProxy.invoke(ProviderFactory.java:103)
	at $Proxy0.invoke(Unknown Source)
	at org.apache.maven.surefire.booter.SurefireStarter.invokeProvider(SurefireStarter.java:150)
	at org.apache.maven.surefire.booter.SurefireStarter.runSuitesInProcess(SurefireStarter.java:91)
	at org.apache.maven.surefire.booter.ForkedBooter.main(ForkedBooter.java:69)
</error>
    <system-out>14:28:01,060 INFO  [JDBC] Connected to HSQL Database Engine 1.8.0
14:28:01,060 INFO  [JDBC] Using driver HSQL Database Engine Driver 1.8.0
14:28:01,060 INFO  [JDBC] JDBC version 3.0
14:28:01,064 INFO  [JDBCDBImporter] Importing tables from ___temp
14:28:01,065 INFO  [DBSystem] Fetching table details and ordering tables by dependency
14:28:01,085 INFO  [PagedTaskRunner] Running task GenerateAndConsumeTask(REFERER) 3 times with page size 1 in a single thread
14:28:01,088 INFO  [TimedGeneratorStatement] Created 3 data sets from &apos;referer&apos; setup in 9 ms (333/s)
</system-out>
  </testcase>
  <testcase time="0.065" classname="org.databene.benerator.engine.DatabaseIntegrationTest" name="testDbRef_script">
    <error type="java.lang.NullPointerException">java.lang.NullPointerException
	at org.databene.commons.FileUtil.getFileIgnoreCase(FileUtil.java:281)
	at org.databene.jdbacl.model.cache.CachingDBImporter.getCacheFile(CachingDBImporter.java:100)
	at org.databene.jdbacl.model.cache.CachingDBImporter.updateCacheFile(CachingDBImporter.java:131)
	at org.databene.platform.db.DBSystem.close(DBSystem.java:382)
	at org.databene.benerator.engine.DatabaseIntegrationTest.closeAndCheckCleanup(DatabaseIntegrationTest.java:608)
	at org.databene.benerator.engine.DatabaseIntegrationTest.testDbRef_script(DatabaseIntegrationTest.java:216)
	at sun.reflect.NativeMethodAccessorImpl.invoke0(Native Method)
	at sun.reflect.NativeMethodAccessorImpl.invoke(NativeMethodAccessorImpl.java:39)
	at sun.reflect.DelegatingMethodAccessorImpl.invoke(DelegatingMethodAccessorImpl.java:25)
	at java.lang.reflect.Method.invoke(Method.java:597)
	at org.junit.runners.model.FrameworkMethod$1.runReflectiveCall(FrameworkMethod.java:44)
	at org.junit.internal.runners.model.ReflectiveCallable.run(ReflectiveCallable.java:15)
	at org.junit.runners.model.FrameworkMethod.invokeExplosively(FrameworkMethod.java:41)
	at org.junit.internal.runners.statements.InvokeMethod.evaluate(InvokeMethod.java:20)
	at org.junit.internal.runners.statements.RunBefores.evaluate(RunBefores.java:28)
	at org.junit.internal.runners.statements.RunAfters.evaluate(RunAfters.java:31)
	at org.junit.runners.ParentRunner.runLeaf(ParentRunner.java:263)
	at org.junit.runners.BlockJUnit4ClassRunner.runChild(BlockJUnit4ClassRunner.java:69)
	at org.junit.runners.BlockJUnit4ClassRunner.runChild(BlockJUnit4ClassRunner.java:48)
	at org.junit.runners.ParentRunner$3.run(ParentRunner.java:231)
	at org.junit.runners.ParentRunner$1.schedule(ParentRunner.java:60)
	at org.junit.runners.ParentRunner.runChildren(ParentRunner.java:229)
	at org.junit.runners.ParentRunner.access$000(ParentRunner.java:50)
	at org.junit.runners.ParentRunner$2.evaluate(ParentRunner.java:222)
	at org.junit.runners.ParentRunner.run(ParentRunner.java:292)
	at org.apache.maven.surefire.junit4.JUnit4TestSet.execute(JUnit4TestSet.java:35)
	at org.apache.maven.surefire.junit4.JUnit4Provider.executeTestSet(JUnit4Provider.java:115)
	at org.apache.maven.surefire.junit4.JUnit4Provider.invoke(JUnit4Provider.java:97)
	at sun.reflect.NativeMethodAccessorImpl.invoke0(Native Method)
	at sun.reflect.NativeMethodAccessorImpl.invoke(NativeMethodAccessorImpl.java:39)
	at sun.reflect.DelegatingMethodAccessorImpl.invoke(DelegatingMethodAccessorImpl.java:25)
	at java.lang.reflect.Method.invoke(Method.java:597)
	at org.apache.maven.surefire.booter.ProviderFactory$ClassLoaderProxy.invoke(ProviderFactory.java:103)
	at $Proxy0.invoke(Unknown Source)
	at org.apache.maven.surefire.booter.SurefireStarter.invokeProvider(SurefireStarter.java:150)
	at org.apache.maven.surefire.booter.SurefireStarter.runSuitesInProcess(SurefireStarter.java:91)
	at org.apache.maven.surefire.booter.ForkedBooter.main(ForkedBooter.java:69)
</error>
    <system-out>14:28:01,092 INFO  [JDBC] Connected to HSQL Database Engine 1.8.0
14:28:01,092 INFO  [JDBC] Using driver HSQL Database Engine Driver 1.8.0
14:28:01,092 INFO  [JDBC] JDBC version 3.0
14:28:01,096 INFO  [JDBCDBImporter] Importing tables from ___temp
14:28:01,097 INFO  [DBSystem] Fetching table details and ordering tables by dependency
14:28:01,144 INFO  [PagedTaskRunner] Running task GenerateAndConsumeTask(REFERER) 3 times with page size 1 in a single thread
14:28:01,154 INFO  [TimedGeneratorStatement] Created 3 data sets from &apos;referer&apos; setup in 12 ms (250/s)
</system-out>
  </testcase>
  <testcase time="0.361" classname="org.databene.benerator.engine.DatabaseIntegrationTest" name="testDbRef_explicit_selector">
    <error type="java.lang.NullPointerException">java.lang.NullPointerException
	at org.databene.commons.FileUtil.getFileIgnoreCase(FileUtil.java:281)
	at org.databene.jdbacl.model.cache.CachingDBImporter.getCacheFile(CachingDBImporter.java:100)
	at org.databene.jdbacl.model.cache.CachingDBImporter.updateCacheFile(CachingDBImporter.java:131)
	at org.databene.platform.db.DBSystem.close(DBSystem.java:382)
	at org.databene.benerator.engine.DatabaseIntegrationTest.closeAndCheckCleanup(DatabaseIntegrationTest.java:608)
	at org.databene.benerator.engine.DatabaseIntegrationTest.testDbRef_explicit_selector(DatabaseIntegrationTest.java:231)
	at sun.reflect.NativeMethodAccessorImpl.invoke0(Native Method)
	at sun.reflect.NativeMethodAccessorImpl.invoke(NativeMethodAccessorImpl.java:39)
	at sun.reflect.DelegatingMethodAccessorImpl.invoke(DelegatingMethodAccessorImpl.java:25)
	at java.lang.reflect.Method.invoke(Method.java:597)
	at org.junit.runners.model.FrameworkMethod$1.runReflectiveCall(FrameworkMethod.java:44)
	at org.junit.internal.runners.model.ReflectiveCallable.run(ReflectiveCallable.java:15)
	at org.junit.runners.model.FrameworkMethod.invokeExplosively(FrameworkMethod.java:41)
	at org.junit.internal.runners.statements.InvokeMethod.evaluate(InvokeMethod.java:20)
	at org.junit.internal.runners.statements.RunBefores.evaluate(RunBefores.java:28)
	at org.junit.internal.runners.statements.RunAfters.evaluate(RunAfters.java:31)
	at org.junit.runners.ParentRunner.runLeaf(ParentRunner.java:263)
	at org.junit.runners.BlockJUnit4ClassRunner.runChild(BlockJUnit4ClassRunner.java:69)
	at org.junit.runners.BlockJUnit4ClassRunner.runChild(BlockJUnit4ClassRunner.java:48)
	at org.junit.runners.ParentRunner$3.run(ParentRunner.java:231)
	at org.junit.runners.ParentRunner$1.schedule(ParentRunner.java:60)
	at org.junit.runners.ParentRunner.runChildren(ParentRunner.java:229)
	at org.junit.runners.ParentRunner.access$000(ParentRunner.java:50)
	at org.junit.runners.ParentRunner$2.evaluate(ParentRunner.java:222)
	at org.junit.runners.ParentRunner.run(ParentRunner.java:292)
	at org.apache.maven.surefire.junit4.JUnit4TestSet.execute(JUnit4TestSet.java:35)
	at org.apache.maven.surefire.junit4.JUnit4Provider.executeTestSet(JUnit4Provider.java:115)
	at org.apache.maven.surefire.junit4.JUnit4Provider.invoke(JUnit4Provider.java:97)
	at sun.reflect.NativeMethodAccessorImpl.invoke0(Native Method)
	at sun.reflect.NativeMethodAccessorImpl.invoke(NativeMethodAccessorImpl.java:39)
	at sun.reflect.DelegatingMethodAccessorImpl.invoke(DelegatingMethodAccessorImpl.java:25)
	at java.lang.reflect.Method.invoke(Method.java:597)
	at org.apache.maven.surefire.booter.ProviderFactory$ClassLoaderProxy.invoke(ProviderFactory.java:103)
	at $Proxy0.invoke(Unknown Source)
	at org.apache.maven.surefire.booter.SurefireStarter.invokeProvider(SurefireStarter.java:150)
	at org.apache.maven.surefire.booter.SurefireStarter.runSuitesInProcess(SurefireStarter.java:91)
	at org.apache.maven.surefire.booter.ForkedBooter.main(ForkedBooter.java:69)
</error>
    <system-out>14:28:01,157 INFO  [JDBC] Connected to HSQL Database Engine 1.8.0
14:28:01,157 INFO  [JDBC] Using driver HSQL Database Engine Driver 1.8.0
14:28:01,158 INFO  [JDBC] JDBC version 3.0
14:28:01,162 INFO  [JDBCDBImporter] Importing tables from ___temp
14:28:01,163 INFO  [DBSystem] Fetching table details and ordering tables by dependency
14:28:01,509 INFO  [PagedTaskRunner] Running task GenerateAndConsumeTask(REFERER) 
14:28:01,512 INFO  [TimedGeneratorStatement] Created 1 data sets from &apos;referer&apos; setup in 329 ms (3/s)
</system-out>
  </testcase>
  <testcase time="0.027" classname="org.databene.benerator.engine.DatabaseIntegrationTest" name="testDbRef_explicit_subSelector">
    <error type="java.lang.NullPointerException">java.lang.NullPointerException
	at org.databene.commons.FileUtil.getFileIgnoreCase(FileUtil.java:281)
	at org.databene.jdbacl.model.cache.CachingDBImporter.getCacheFile(CachingDBImporter.java:100)
	at org.databene.jdbacl.model.cache.CachingDBImporter.updateCacheFile(CachingDBImporter.java:131)
	at org.databene.platform.db.DBSystem.close(DBSystem.java:382)
	at org.databene.benerator.engine.DatabaseIntegrationTest.closeAndCheckCleanup(DatabaseIntegrationTest.java:608)
	at org.databene.benerator.engine.DatabaseIntegrationTest.testDbRef_explicit_subSelector(DatabaseIntegrationTest.java:248)
	at sun.reflect.NativeMethodAccessorImpl.invoke0(Native Method)
	at sun.reflect.NativeMethodAccessorImpl.invoke(NativeMethodAccessorImpl.java:39)
	at sun.reflect.DelegatingMethodAccessorImpl.invoke(DelegatingMethodAccessorImpl.java:25)
	at java.lang.reflect.Method.invoke(Method.java:597)
	at org.junit.runners.model.FrameworkMethod$1.runReflectiveCall(FrameworkMethod.java:44)
	at org.junit.internal.runners.model.ReflectiveCallable.run(ReflectiveCallable.java:15)
	at org.junit.runners.model.FrameworkMethod.invokeExplosively(FrameworkMethod.java:41)
	at org.junit.internal.runners.statements.InvokeMethod.evaluate(InvokeMethod.java:20)
	at org.junit.internal.runners.statements.RunBefores.evaluate(RunBefores.java:28)
	at org.junit.internal.runners.statements.RunAfters.evaluate(RunAfters.java:31)
	at org.junit.runners.ParentRunner.runLeaf(ParentRunner.java:263)
	at org.junit.runners.BlockJUnit4ClassRunner.runChild(BlockJUnit4ClassRunner.java:69)
	at org.junit.runners.BlockJUnit4ClassRunner.runChild(BlockJUnit4ClassRunner.java:48)
	at org.junit.runners.ParentRunner$3.run(ParentRunner.java:231)
	at org.junit.runners.ParentRunner$1.schedule(ParentRunner.java:60)
	at org.junit.runners.ParentRunner.runChildren(ParentRunner.java:229)
	at org.junit.runners.ParentRunner.access$000(ParentRunner.java:50)
	at org.junit.runners.ParentRunner$2.evaluate(ParentRunner.java:222)
	at org.junit.runners.ParentRunner.run(ParentRunner.java:292)
	at org.apache.maven.surefire.junit4.JUnit4TestSet.execute(JUnit4TestSet.java:35)
	at org.apache.maven.surefire.junit4.JUnit4Provider.executeTestSet(JUnit4Provider.java:115)
	at org.apache.maven.surefire.junit4.JUnit4Provider.invoke(JUnit4Provider.java:97)
	at sun.reflect.NativeMethodAccessorImpl.invoke0(Native Method)
	at sun.reflect.NativeMethodAccessorImpl.invoke(NativeMethodAccessorImpl.java:39)
	at sun.reflect.DelegatingMethodAccessorImpl.invoke(DelegatingMethodAccessorImpl.java:25)
	at java.lang.reflect.Method.invoke(Method.java:597)
	at org.apache.maven.surefire.booter.ProviderFactory$ClassLoaderProxy.invoke(ProviderFactory.java:103)
	at $Proxy0.invoke(Unknown Source)
	at org.apache.maven.surefire.booter.SurefireStarter.invokeProvider(SurefireStarter.java:150)
	at org.apache.maven.surefire.booter.SurefireStarter.runSuitesInProcess(SurefireStarter.java:91)
	at org.apache.maven.surefire.booter.ForkedBooter.main(ForkedBooter.java:69)
</error>
    <system-out>14:28:01,518 INFO  [JDBC] Connected to HSQL Database Engine 1.8.0
14:28:01,518 INFO  [JDBC] Using driver HSQL Database Engine Driver 1.8.0
14:28:01,518 INFO  [JDBC] JDBC version 3.0
14:28:01,523 INFO  [JDBCDBImporter] Importing tables from ___temp
14:28:01,524 INFO  [DBSystem] Fetching table details and ordering tables by dependency
14:28:01,540 INFO  [PagedTaskRunner] Running task GenerateAndConsumeTask(REFERER) 3 times with page size 1 in a single thread
14:28:01,542 INFO  [TimedGeneratorStatement] Created 3 data sets from &apos;referer&apos; setup in 5 ms (600/s)
</system-out>
  </testcase>
  <testcase time="0.025" classname="org.databene.benerator.engine.DatabaseIntegrationTest" name="testDbRef_entity_selector">
    <error type="java.lang.NullPointerException">java.lang.NullPointerException
	at org.databene.commons.FileUtil.getFileIgnoreCase(FileUtil.java:281)
	at org.databene.jdbacl.model.cache.CachingDBImporter.getCacheFile(CachingDBImporter.java:100)
	at org.databene.jdbacl.model.cache.CachingDBImporter.updateCacheFile(CachingDBImporter.java:131)
	at org.databene.platform.db.DBSystem.close(DBSystem.java:382)
	at org.databene.benerator.engine.DatabaseIntegrationTest.closeAndCheckCleanup(DatabaseIntegrationTest.java:608)
	at org.databene.benerator.engine.DatabaseIntegrationTest.testDbRef_entity_selector(DatabaseIntegrationTest.java:263)
	at sun.reflect.NativeMethodAccessorImpl.invoke0(Native Method)
	at sun.reflect.NativeMethodAccessorImpl.invoke(NativeMethodAccessorImpl.java:39)
	at sun.reflect.DelegatingMethodAccessorImpl.invoke(DelegatingMethodAccessorImpl.java:25)
	at java.lang.reflect.Method.invoke(Method.java:597)
	at org.junit.runners.model.FrameworkMethod$1.runReflectiveCall(FrameworkMethod.java:44)
	at org.junit.internal.runners.model.ReflectiveCallable.run(ReflectiveCallable.java:15)
	at org.junit.runners.model.FrameworkMethod.invokeExplosively(FrameworkMethod.java:41)
	at org.junit.internal.runners.statements.InvokeMethod.evaluate(InvokeMethod.java:20)
	at org.junit.internal.runners.statements.RunBefores.evaluate(RunBefores.java:28)
	at org.junit.internal.runners.statements.RunAfters.evaluate(RunAfters.java:31)
	at org.junit.runners.ParentRunner.runLeaf(ParentRunner.java:263)
	at org.junit.runners.BlockJUnit4ClassRunner.runChild(BlockJUnit4ClassRunner.java:69)
	at org.junit.runners.BlockJUnit4ClassRunner.runChild(BlockJUnit4ClassRunner.java:48)
	at org.junit.runners.ParentRunner$3.run(ParentRunner.java:231)
	at org.junit.runners.ParentRunner$1.schedule(ParentRunner.java:60)
	at org.junit.runners.ParentRunner.runChildren(ParentRunner.java:229)
	at org.junit.runners.ParentRunner.access$000(ParentRunner.java:50)
	at org.junit.runners.ParentRunner$2.evaluate(ParentRunner.java:222)
	at org.junit.runners.ParentRunner.run(ParentRunner.java:292)
	at org.apache.maven.surefire.junit4.JUnit4TestSet.execute(JUnit4TestSet.java:35)
	at org.apache.maven.surefire.junit4.JUnit4Provider.executeTestSet(JUnit4Provider.java:115)
	at org.apache.maven.surefire.junit4.JUnit4Provider.invoke(JUnit4Provider.java:97)
	at sun.reflect.NativeMethodAccessorImpl.invoke0(Native Method)
	at sun.reflect.NativeMethodAccessorImpl.invoke(NativeMethodAccessorImpl.java:39)
	at sun.reflect.DelegatingMethodAccessorImpl.invoke(DelegatingMethodAccessorImpl.java:25)
	at java.lang.reflect.Method.invoke(Method.java:597)
	at org.apache.maven.surefire.booter.ProviderFactory$ClassLoaderProxy.invoke(ProviderFactory.java:103)
	at $Proxy0.invoke(Unknown Source)
	at org.apache.maven.surefire.booter.SurefireStarter.invokeProvider(SurefireStarter.java:150)
	at org.apache.maven.surefire.booter.SurefireStarter.runSuitesInProcess(SurefireStarter.java:91)
	at org.apache.maven.surefire.booter.ForkedBooter.main(ForkedBooter.java:69)
</error>
    <system-out>14:28:01,546 INFO  [JDBC] Connected to HSQL Database Engine 1.8.0
14:28:01,546 INFO  [JDBC] Using driver HSQL Database Engine Driver 1.8.0
14:28:01,547 INFO  [JDBC] JDBC version 3.0
14:28:01,551 INFO  [JDBCDBImporter] Importing tables from ___temp
14:28:01,552 INFO  [DBSystem] Fetching table details and ordering tables by dependency
14:28:01,567 INFO  [PagedTaskRunner] Running task GenerateAndConsumeTask(REFERER) 
14:28:01,568 INFO  [TimedGeneratorStatement] Created 1 data sets from &apos;referer&apos; setup in 4 ms (250/s)
</system-out>
  </testcase>
  <testcase time="0.03" classname="org.databene.benerator.engine.DatabaseIntegrationTest" name="testDb_iterate_this">
    <error type="java.lang.NullPointerException">java.lang.NullPointerException
	at org.databene.commons.FileUtil.getFileIgnoreCase(FileUtil.java:281)
	at org.databene.jdbacl.model.cache.CachingDBImporter.getCacheFile(CachingDBImporter.java:100)
	at org.databene.jdbacl.model.cache.CachingDBImporter.updateCacheFile(CachingDBImporter.java:131)
	at org.databene.platform.db.DBSystem.close(DBSystem.java:382)
	at org.databene.benerator.engine.DatabaseIntegrationTest.closeAndCheckCleanup(DatabaseIntegrationTest.java:608)
	at org.databene.benerator.engine.DatabaseIntegrationTest.testDb_iterate_this(DatabaseIntegrationTest.java:280)
	at sun.reflect.NativeMethodAccessorImpl.invoke0(Native Method)
	at sun.reflect.NativeMethodAccessorImpl.invoke(NativeMethodAccessorImpl.java:39)
	at sun.reflect.DelegatingMethodAccessorImpl.invoke(DelegatingMethodAccessorImpl.java:25)
	at java.lang.reflect.Method.invoke(Method.java:597)
	at org.junit.runners.model.FrameworkMethod$1.runReflectiveCall(FrameworkMethod.java:44)
	at org.junit.internal.runners.model.ReflectiveCallable.run(ReflectiveCallable.java:15)
	at org.junit.runners.model.FrameworkMethod.invokeExplosively(FrameworkMethod.java:41)
	at org.junit.internal.runners.statements.InvokeMethod.evaluate(InvokeMethod.java:20)
	at org.junit.internal.runners.statements.RunBefores.evaluate(RunBefores.java:28)
	at org.junit.internal.runners.statements.RunAfters.evaluate(RunAfters.java:31)
	at org.junit.runners.ParentRunner.runLeaf(ParentRunner.java:263)
	at org.junit.runners.BlockJUnit4ClassRunner.runChild(BlockJUnit4ClassRunner.java:69)
	at org.junit.runners.BlockJUnit4ClassRunner.runChild(BlockJUnit4ClassRunner.java:48)
	at org.junit.runners.ParentRunner$3.run(ParentRunner.java:231)
	at org.junit.runners.ParentRunner$1.schedule(ParentRunner.java:60)
	at org.junit.runners.ParentRunner.runChildren(ParentRunner.java:229)
	at org.junit.runners.ParentRunner.access$000(ParentRunner.java:50)
	at org.junit.runners.ParentRunner$2.evaluate(ParentRunner.java:222)
	at org.junit.runners.ParentRunner.run(ParentRunner.java:292)
	at org.apache.maven.surefire.junit4.JUnit4TestSet.execute(JUnit4TestSet.java:35)
	at org.apache.maven.surefire.junit4.JUnit4Provider.executeTestSet(JUnit4Provider.java:115)
	at org.apache.maven.surefire.junit4.JUnit4Provider.invoke(JUnit4Provider.java:97)
	at sun.reflect.NativeMethodAccessorImpl.invoke0(Native Method)
	at sun.reflect.NativeMethodAccessorImpl.invoke(NativeMethodAccessorImpl.java:39)
	at sun.reflect.DelegatingMethodAccessorImpl.invoke(DelegatingMethodAccessorImpl.java:25)
	at java.lang.reflect.Method.invoke(Method.java:597)
	at org.apache.maven.surefire.booter.ProviderFactory$ClassLoaderProxy.invoke(ProviderFactory.java:103)
	at $Proxy0.invoke(Unknown Source)
	at org.apache.maven.surefire.booter.SurefireStarter.invokeProvider(SurefireStarter.java:150)
	at org.apache.maven.surefire.booter.SurefireStarter.runSuitesInProcess(SurefireStarter.java:91)
	at org.apache.maven.surefire.booter.ForkedBooter.main(ForkedBooter.java:69)
</error>
    <system-out>14:28:01,571 INFO  [JDBC] Connected to HSQL Database Engine 1.8.0
14:28:01,571 INFO  [JDBC] Using driver HSQL Database Engine Driver 1.8.0
14:28:01,571 INFO  [JDBC] JDBC version 3.0
14:28:01,578 INFO  [JDBCDBImporter] Importing tables from ___temp
14:28:01,579 INFO  [DBSystem] Fetching table details and ordering tables by dependency
14:28:01,591 INFO  [PagedTaskRunner] Running task GenerateAndConsumeTask(REFEREE) 
14:28:01,598 INFO  [TimedGeneratorStatement] Created 2 data sets from &apos;referee&apos; setup in 9 ms (222/s)
</system-out>
  </testcase>
  <testcase time="0.069" classname="org.databene.benerator.engine.DatabaseIntegrationTest" name="test_datetime_resolution">
    <error type="java.lang.NullPointerException">java.lang.NullPointerException
	at org.databene.commons.FileUtil.getFileIgnoreCase(FileUtil.java:281)
	at org.databene.jdbacl.model.cache.CachingDBImporter.getCacheFile(CachingDBImporter.java:100)
	at org.databene.jdbacl.model.cache.CachingDBImporter.updateCacheFile(CachingDBImporter.java:131)
	at org.databene.platform.db.DBSystem.close(DBSystem.java:382)
	at org.databene.benerator.engine.DatabaseIntegrationTest.closeAndCheckCleanup(DatabaseIntegrationTest.java:608)
	at org.databene.benerator.engine.DatabaseIntegrationTest.test_datetime_resolution(DatabaseIntegrationTest.java:296)
	at sun.reflect.NativeMethodAccessorImpl.invoke0(Native Method)
	at sun.reflect.NativeMethodAccessorImpl.invoke(NativeMethodAccessorImpl.java:39)
	at sun.reflect.DelegatingMethodAccessorImpl.invoke(DelegatingMethodAccessorImpl.java:25)
	at java.lang.reflect.Method.invoke(Method.java:597)
	at org.junit.runners.model.FrameworkMethod$1.runReflectiveCall(FrameworkMethod.java:44)
	at org.junit.internal.runners.model.ReflectiveCallable.run(ReflectiveCallable.java:15)
	at org.junit.runners.model.FrameworkMethod.invokeExplosively(FrameworkMethod.java:41)
	at org.junit.internal.runners.statements.InvokeMethod.evaluate(InvokeMethod.java:20)
	at org.junit.internal.runners.statements.RunBefores.evaluate(RunBefores.java:28)
	at org.junit.internal.runners.statements.RunAfters.evaluate(RunAfters.java:31)
	at org.junit.runners.ParentRunner.runLeaf(ParentRunner.java:263)
	at org.junit.runners.BlockJUnit4ClassRunner.runChild(BlockJUnit4ClassRunner.java:69)
	at org.junit.runners.BlockJUnit4ClassRunner.runChild(BlockJUnit4ClassRunner.java:48)
	at org.junit.runners.ParentRunner$3.run(ParentRunner.java:231)
	at org.junit.runners.ParentRunner$1.schedule(ParentRunner.java:60)
	at org.junit.runners.ParentRunner.runChildren(ParentRunner.java:229)
	at org.junit.runners.ParentRunner.access$000(ParentRunner.java:50)
	at org.junit.runners.ParentRunner$2.evaluate(ParentRunner.java:222)
	at org.junit.runners.ParentRunner.run(ParentRunner.java:292)
	at org.apache.maven.surefire.junit4.JUnit4TestSet.execute(JUnit4TestSet.java:35)
	at org.apache.maven.surefire.junit4.JUnit4Provider.executeTestSet(JUnit4Provider.java:115)
	at org.apache.maven.surefire.junit4.JUnit4Provider.invoke(JUnit4Provider.java:97)
	at sun.reflect.NativeMethodAccessorImpl.invoke0(Native Method)
	at sun.reflect.NativeMethodAccessorImpl.invoke(NativeMethodAccessorImpl.java:39)
	at sun.reflect.DelegatingMethodAccessorImpl.invoke(DelegatingMethodAccessorImpl.java:25)
	at java.lang.reflect.Method.invoke(Method.java:597)
	at org.apache.maven.surefire.booter.ProviderFactory$ClassLoaderProxy.invoke(ProviderFactory.java:103)
	at $Proxy0.invoke(Unknown Source)
	at org.apache.maven.surefire.booter.SurefireStarter.invokeProvider(SurefireStarter.java:150)
	at org.apache.maven.surefire.booter.SurefireStarter.runSuitesInProcess(SurefireStarter.java:91)
	at org.apache.maven.surefire.booter.ForkedBooter.main(ForkedBooter.java:69)
</error>
    <system-out>14:28:01,601 INFO  [JDBC] Connected to HSQL Database Engine 1.8.0
14:28:01,602 INFO  [JDBC] Using driver HSQL Database Engine Driver 1.8.0
14:28:01,602 INFO  [JDBC] JDBC version 3.0
14:28:01,607 INFO  [JDBCDBImporter] Importing tables from ___temp
14:28:01,608 INFO  [DBSystem] Fetching table details and ordering tables by dependency
14:28:01,622 INFO  [PagedTaskRunner] Running task GenerateAndConsumeTask(REFERER) 3 times with page size 1 in a single thread
14:28:01,623 INFO  [TimedGeneratorStatement] Created 3 data sets from &apos;referer&apos; setup in 4 ms (750/s)
</system-out>
  </testcase>
  <testcase time="0.022" classname="org.databene.benerator.engine.DatabaseIntegrationTest" name="testTx_default">
    <error type="java.lang.NullPointerException">java.lang.NullPointerException
	at org.databene.commons.FileUtil.getFileIgnoreCase(FileUtil.java:281)
	at org.databene.jdbacl.model.cache.CachingDBImporter.getCacheFile(CachingDBImporter.java:100)
	at org.databene.jdbacl.model.cache.CachingDBImporter.updateCacheFile(CachingDBImporter.java:131)
	at org.databene.platform.db.DBSystem.close(DBSystem.java:382)
	at org.databene.benerator.engine.DatabaseIntegrationTest.closeAndCheckCleanup(DatabaseIntegrationTest.java:608)
	at org.databene.benerator.engine.DatabaseIntegrationTest.testTx_default(DatabaseIntegrationTest.java:330)
	at sun.reflect.NativeMethodAccessorImpl.invoke0(Native Method)
	at sun.reflect.NativeMethodAccessorImpl.invoke(NativeMethodAccessorImpl.java:39)
	at sun.reflect.DelegatingMethodAccessorImpl.invoke(DelegatingMethodAccessorImpl.java:25)
	at java.lang.reflect.Method.invoke(Method.java:597)
	at org.junit.runners.model.FrameworkMethod$1.runReflectiveCall(FrameworkMethod.java:44)
	at org.junit.internal.runners.model.ReflectiveCallable.run(ReflectiveCallable.java:15)
	at org.junit.runners.model.FrameworkMethod.invokeExplosively(FrameworkMethod.java:41)
	at org.junit.internal.runners.statements.InvokeMethod.evaluate(InvokeMethod.java:20)
	at org.junit.internal.runners.statements.RunBefores.evaluate(RunBefores.java:28)
	at org.junit.internal.runners.statements.RunAfters.evaluate(RunAfters.java:31)
	at org.junit.runners.ParentRunner.runLeaf(ParentRunner.java:263)
	at org.junit.runners.BlockJUnit4ClassRunner.runChild(BlockJUnit4ClassRunner.java:69)
	at org.junit.runners.BlockJUnit4ClassRunner.runChild(BlockJUnit4ClassRunner.java:48)
	at org.junit.runners.ParentRunner$3.run(ParentRunner.java:231)
	at org.junit.runners.ParentRunner$1.schedule(ParentRunner.java:60)
	at org.junit.runners.ParentRunner.runChildren(ParentRunner.java:229)
	at org.junit.runners.ParentRunner.access$000(ParentRunner.java:50)
	at org.junit.runners.ParentRunner$2.evaluate(ParentRunner.java:222)
	at org.junit.runners.ParentRunner.run(ParentRunner.java:292)
	at org.apache.maven.surefire.junit4.JUnit4TestSet.execute(JUnit4TestSet.java:35)
	at org.apache.maven.surefire.junit4.JUnit4Provider.executeTestSet(JUnit4Provider.java:115)
	at org.apache.maven.surefire.junit4.JUnit4Provider.invoke(JUnit4Provider.java:97)
	at sun.reflect.NativeMethodAccessorImpl.invoke0(Native Method)
	at sun.reflect.NativeMethodAccessorImpl.invoke(NativeMethodAccessorImpl.java:39)
	at sun.reflect.DelegatingMethodAccessorImpl.invoke(DelegatingMethodAccessorImpl.java:25)
	at java.lang.reflect.Method.invoke(Method.java:597)
	at org.apache.maven.surefire.booter.ProviderFactory$ClassLoaderProxy.invoke(ProviderFactory.java:103)
	at $Proxy0.invoke(Unknown Source)
	at org.apache.maven.surefire.booter.SurefireStarter.invokeProvider(SurefireStarter.java:150)
	at org.apache.maven.surefire.booter.SurefireStarter.runSuitesInProcess(SurefireStarter.java:91)
	at org.apache.maven.surefire.booter.ForkedBooter.main(ForkedBooter.java:69)
</error>
    <system-out>14:28:01,673 INFO  [JDBC] Connected to HSQL Database Engine 1.8.0
14:28:01,673 INFO  [JDBC] Using driver HSQL Database Engine Driver 1.8.0
14:28:01,673 INFO  [JDBC] JDBC version 3.0
14:28:01,678 INFO  [JDBCDBImporter] Importing tables from ___temp
14:28:01,678 INFO  [DBSystem] Fetching table details and ordering tables by dependency
14:28:01,690 INFO  [PagedTaskRunner] Running task GenerateAndConsumeTask(REFEREE) 2 times with page size 1 in a single thread
14:28:01,691 INFO  [TimedGeneratorStatement] Created 6 data sets from &apos;referee&apos; setup in 4 ms (1500/s)
</system-out>
  </testcase>
  <testcase time="0.025" classname="org.databene.benerator.engine.DatabaseIntegrationTest" name="testTx_subPageSize0">
    <error type="java.lang.NullPointerException">java.lang.NullPointerException
	at org.databene.commons.FileUtil.getFileIgnoreCase(FileUtil.java:281)
	at org.databene.jdbacl.model.cache.CachingDBImporter.getCacheFile(CachingDBImporter.java:100)
	at org.databene.jdbacl.model.cache.CachingDBImporter.updateCacheFile(CachingDBImporter.java:131)
	at org.databene.platform.db.DBSystem.close(DBSystem.java:382)
	at org.databene.benerator.engine.DatabaseIntegrationTest.closeAndCheckCleanup(DatabaseIntegrationTest.java:608)
	at org.databene.benerator.engine.DatabaseIntegrationTest.testTx_subPageSize0(DatabaseIntegrationTest.java:358)
	at sun.reflect.NativeMethodAccessorImpl.invoke0(Native Method)
	at sun.reflect.NativeMethodAccessorImpl.invoke(NativeMethodAccessorImpl.java:39)
	at sun.reflect.DelegatingMethodAccessorImpl.invoke(DelegatingMethodAccessorImpl.java:25)
	at java.lang.reflect.Method.invoke(Method.java:597)
	at org.junit.runners.model.FrameworkMethod$1.runReflectiveCall(FrameworkMethod.java:44)
	at org.junit.internal.runners.model.ReflectiveCallable.run(ReflectiveCallable.java:15)
	at org.junit.runners.model.FrameworkMethod.invokeExplosively(FrameworkMethod.java:41)
	at org.junit.internal.runners.statements.InvokeMethod.evaluate(InvokeMethod.java:20)
	at org.junit.internal.runners.statements.RunBefores.evaluate(RunBefores.java:28)
	at org.junit.internal.runners.statements.RunAfters.evaluate(RunAfters.java:31)
	at org.junit.runners.ParentRunner.runLeaf(ParentRunner.java:263)
	at org.junit.runners.BlockJUnit4ClassRunner.runChild(BlockJUnit4ClassRunner.java:69)
	at org.junit.runners.BlockJUnit4ClassRunner.runChild(BlockJUnit4ClassRunner.java:48)
	at org.junit.runners.ParentRunner$3.run(ParentRunner.java:231)
	at org.junit.runners.ParentRunner$1.schedule(ParentRunner.java:60)
	at org.junit.runners.ParentRunner.runChildren(ParentRunner.java:229)
	at org.junit.runners.ParentRunner.access$000(ParentRunner.java:50)
	at org.junit.runners.ParentRunner$2.evaluate(ParentRunner.java:222)
	at org.junit.runners.ParentRunner.run(ParentRunner.java:292)
	at org.apache.maven.surefire.junit4.JUnit4TestSet.execute(JUnit4TestSet.java:35)
	at org.apache.maven.surefire.junit4.JUnit4Provider.executeTestSet(JUnit4Provider.java:115)
	at org.apache.maven.surefire.junit4.JUnit4Provider.invoke(JUnit4Provider.java:97)
	at sun.reflect.NativeMethodAccessorImpl.invoke0(Native Method)
	at sun.reflect.NativeMethodAccessorImpl.invoke(NativeMethodAccessorImpl.java:39)
	at sun.reflect.DelegatingMethodAccessorImpl.invoke(DelegatingMethodAccessorImpl.java:25)
	at java.lang.reflect.Method.invoke(Method.java:597)
	at org.apache.maven.surefire.booter.ProviderFactory$ClassLoaderProxy.invoke(ProviderFactory.java:103)
	at $Proxy0.invoke(Unknown Source)
	at org.apache.maven.surefire.booter.SurefireStarter.invokeProvider(SurefireStarter.java:150)
	at org.apache.maven.surefire.booter.SurefireStarter.runSuitesInProcess(SurefireStarter.java:91)
	at org.apache.maven.surefire.booter.ForkedBooter.main(ForkedBooter.java:69)
</error>
    <system-out>14:28:01,695 INFO  [JDBC] Connected to HSQL Database Engine 1.8.0
14:28:01,695 INFO  [JDBC] Using driver HSQL Database Engine Driver 1.8.0
14:28:01,695 INFO  [JDBC] JDBC version 3.0
14:28:01,699 INFO  [JDBCDBImporter] Importing tables from ___temp
14:28:01,701 INFO  [DBSystem] Fetching table details and ordering tables by dependency
14:28:01,715 INFO  [PagedTaskRunner] Running task GenerateAndConsumeTask(REFEREE) 2 times with page size 1 in a single thread
14:28:01,717 INFO  [TimedGeneratorStatement] Created 6 data sets from &apos;referee&apos; setup in 5 ms (1200/s)
</system-out>
  </testcase>
  <testcase time="0.028" classname="org.databene.benerator.engine.DatabaseIntegrationTest" name="testTx_allPageSizes0">
    <error type="java.lang.NullPointerException">java.lang.NullPointerException
	at org.databene.commons.FileUtil.getFileIgnoreCase(FileUtil.java:281)
	at org.databene.jdbacl.model.cache.CachingDBImporter.getCacheFile(CachingDBImporter.java:100)
	at org.databene.jdbacl.model.cache.CachingDBImporter.updateCacheFile(CachingDBImporter.java:131)
	at org.databene.platform.db.DBSystem.close(DBSystem.java:382)
	at org.databene.benerator.engine.DatabaseIntegrationTest.closeAndCheckCleanup(DatabaseIntegrationTest.java:608)
	at org.databene.benerator.engine.DatabaseIntegrationTest.testTx_allPageSizes0(DatabaseIntegrationTest.java:386)
	at sun.reflect.NativeMethodAccessorImpl.invoke0(Native Method)
	at sun.reflect.NativeMethodAccessorImpl.invoke(NativeMethodAccessorImpl.java:39)
	at sun.reflect.DelegatingMethodAccessorImpl.invoke(DelegatingMethodAccessorImpl.java:25)
	at java.lang.reflect.Method.invoke(Method.java:597)
	at org.junit.runners.model.FrameworkMethod$1.runReflectiveCall(FrameworkMethod.java:44)
	at org.junit.internal.runners.model.ReflectiveCallable.run(ReflectiveCallable.java:15)
	at org.junit.runners.model.FrameworkMethod.invokeExplosively(FrameworkMethod.java:41)
	at org.junit.internal.runners.statements.InvokeMethod.evaluate(InvokeMethod.java:20)
	at org.junit.internal.runners.statements.RunBefores.evaluate(RunBefores.java:28)
	at org.junit.internal.runners.statements.RunAfters.evaluate(RunAfters.java:31)
	at org.junit.runners.ParentRunner.runLeaf(ParentRunner.java:263)
	at org.junit.runners.BlockJUnit4ClassRunner.runChild(BlockJUnit4ClassRunner.java:69)
	at org.junit.runners.BlockJUnit4ClassRunner.runChild(BlockJUnit4ClassRunner.java:48)
	at org.junit.runners.ParentRunner$3.run(ParentRunner.java:231)
	at org.junit.runners.ParentRunner$1.schedule(ParentRunner.java:60)
	at org.junit.runners.ParentRunner.runChildren(ParentRunner.java:229)
	at org.junit.runners.ParentRunner.access$000(ParentRunner.java:50)
	at org.junit.runners.ParentRunner$2.evaluate(ParentRunner.java:222)
	at org.junit.runners.ParentRunner.run(ParentRunner.java:292)
	at org.apache.maven.surefire.junit4.JUnit4TestSet.execute(JUnit4TestSet.java:35)
	at org.apache.maven.surefire.junit4.JUnit4Provider.executeTestSet(JUnit4Provider.java:115)
	at org.apache.maven.surefire.junit4.JUnit4Provider.invoke(JUnit4Provider.java:97)
	at sun.reflect.NativeMethodAccessorImpl.invoke0(Native Method)
	at sun.reflect.NativeMethodAccessorImpl.invoke(NativeMethodAccessorImpl.java:39)
	at sun.reflect.DelegatingMethodAccessorImpl.invoke(DelegatingMethodAccessorImpl.java:25)
	at java.lang.reflect.Method.invoke(Method.java:597)
	at org.apache.maven.surefire.booter.ProviderFactory$ClassLoaderProxy.invoke(ProviderFactory.java:103)
	at $Proxy0.invoke(Unknown Source)
	at org.apache.maven.surefire.booter.SurefireStarter.invokeProvider(SurefireStarter.java:150)
	at org.apache.maven.surefire.booter.SurefireStarter.runSuitesInProcess(SurefireStarter.java:91)
	at org.apache.maven.surefire.booter.ForkedBooter.main(ForkedBooter.java:69)
</error>
    <system-out>14:28:01,720 INFO  [JDBC] Connected to HSQL Database Engine 1.8.0
14:28:01,720 INFO  [JDBC] Using driver HSQL Database Engine Driver 1.8.0
14:28:01,720 INFO  [JDBC] JDBC version 3.0
14:28:01,725 INFO  [JDBCDBImporter] Importing tables from ___temp
14:28:01,726 INFO  [DBSystem] Fetching table details and ordering tables by dependency
14:28:01,739 INFO  [PagedTaskRunner] Running task GenerateAndConsumeTask(REFEREE) 2 times with page size 0 in a single thread
14:28:01,744 INFO  [TimedGeneratorStatement] Created 6 data sets from &apos;referee&apos; setup in 8 ms (750/s)
</system-out>
  </testcase>
  <testcase time="0.033" classname="org.databene.benerator.engine.DatabaseIntegrationTest" name="testStaticEntitySelector_partial">
    <error type="java.lang.NullPointerException">java.lang.NullPointerException
	at org.databene.commons.FileUtil.getFileIgnoreCase(FileUtil.java:281)
	at org.databene.jdbacl.model.cache.CachingDBImporter.getCacheFile(CachingDBImporter.java:100)
	at org.databene.jdbacl.model.cache.CachingDBImporter.updateCacheFile(CachingDBImporter.java:131)
	at org.databene.platform.db.DBSystem.close(DBSystem.java:382)
	at org.databene.benerator.engine.DatabaseIntegrationTest.closeAndCheckCleanup(DatabaseIntegrationTest.java:608)
	at org.databene.benerator.engine.DatabaseIntegrationTest.testStaticEntitySelector_partial(DatabaseIntegrationTest.java:404)
	at sun.reflect.NativeMethodAccessorImpl.invoke0(Native Method)
	at sun.reflect.NativeMethodAccessorImpl.invoke(NativeMethodAccessorImpl.java:39)
	at sun.reflect.DelegatingMethodAccessorImpl.invoke(DelegatingMethodAccessorImpl.java:25)
	at java.lang.reflect.Method.invoke(Method.java:597)
	at org.junit.runners.model.FrameworkMethod$1.runReflectiveCall(FrameworkMethod.java:44)
	at org.junit.internal.runners.model.ReflectiveCallable.run(ReflectiveCallable.java:15)
	at org.junit.runners.model.FrameworkMethod.invokeExplosively(FrameworkMethod.java:41)
	at org.junit.internal.runners.statements.InvokeMethod.evaluate(InvokeMethod.java:20)
	at org.junit.internal.runners.statements.RunBefores.evaluate(RunBefores.java:28)
	at org.junit.internal.runners.statements.RunAfters.evaluate(RunAfters.java:31)
	at org.junit.runners.ParentRunner.runLeaf(ParentRunner.java:263)
	at org.junit.runners.BlockJUnit4ClassRunner.runChild(BlockJUnit4ClassRunner.java:69)
	at org.junit.runners.BlockJUnit4ClassRunner.runChild(BlockJUnit4ClassRunner.java:48)
	at org.junit.runners.ParentRunner$3.run(ParentRunner.java:231)
	at org.junit.runners.ParentRunner$1.schedule(ParentRunner.java:60)
	at org.junit.runners.ParentRunner.runChildren(ParentRunner.java:229)
	at org.junit.runners.ParentRunner.access$000(ParentRunner.java:50)
	at org.junit.runners.ParentRunner$2.evaluate(ParentRunner.java:222)
	at org.junit.runners.ParentRunner.run(ParentRunner.java:292)
	at org.apache.maven.surefire.junit4.JUnit4TestSet.execute(JUnit4TestSet.java:35)
	at org.apache.maven.surefire.junit4.JUnit4Provider.executeTestSet(JUnit4Provider.java:115)
	at org.apache.maven.surefire.junit4.JUnit4Provider.invoke(JUnit4Provider.java:97)
	at sun.reflect.NativeMethodAccessorImpl.invoke0(Native Method)
	at sun.reflect.NativeMethodAccessorImpl.invoke(NativeMethodAccessorImpl.java:39)
	at sun.reflect.DelegatingMethodAccessorImpl.invoke(DelegatingMethodAccessorImpl.java:25)
	at java.lang.reflect.Method.invoke(Method.java:597)
	at org.apache.maven.surefire.booter.ProviderFactory$ClassLoaderProxy.invoke(ProviderFactory.java:103)
	at $Proxy0.invoke(Unknown Source)
	at org.apache.maven.surefire.booter.SurefireStarter.invokeProvider(SurefireStarter.java:150)
	at org.apache.maven.surefire.booter.SurefireStarter.runSuitesInProcess(SurefireStarter.java:91)
	at org.apache.maven.surefire.booter.ForkedBooter.main(ForkedBooter.java:69)
</error>
    <system-out>14:28:01,748 INFO  [JDBC] Connected to HSQL Database Engine 1.8.0
14:28:01,749 INFO  [JDBC] Using driver HSQL Database Engine Driver 1.8.0
14:28:01,749 INFO  [JDBC] JDBC version 3.0
14:28:01,753 INFO  [JDBCDBImporter] Importing tables from ___temp
14:28:01,754 INFO  [DBSystem] Fetching table details and ordering tables by dependency
14:28:01,769 INFO  [PagedTaskRunner] Running task GenerateAndConsumeTask(REFERER) 2 times with page size 1 in a single thread
14:28:01,779 INFO  [TimedGeneratorStatement] Created 2 data sets from &apos;referer&apos; setup in 14 ms (142/s)
</system-out>
  </testcase>
  <testcase time="0.018" classname="org.databene.benerator.engine.DatabaseIntegrationTest" name="testStaticEntitySelector_complete">
    <error type="java.lang.NullPointerException">java.lang.NullPointerException
	at org.databene.commons.FileUtil.getFileIgnoreCase(FileUtil.java:281)
	at org.databene.jdbacl.model.cache.CachingDBImporter.getCacheFile(CachingDBImporter.java:100)
	at org.databene.jdbacl.model.cache.CachingDBImporter.updateCacheFile(CachingDBImporter.java:131)
	at org.databene.platform.db.DBSystem.close(DBSystem.java:382)
	at org.databene.benerator.engine.DatabaseIntegrationTest.closeAndCheckCleanup(DatabaseIntegrationTest.java:608)
	at org.databene.benerator.engine.DatabaseIntegrationTest.testStaticEntitySelector_complete(DatabaseIntegrationTest.java:419)
	at sun.reflect.NativeMethodAccessorImpl.invoke0(Native Method)
	at sun.reflect.NativeMethodAccessorImpl.invoke(NativeMethodAccessorImpl.java:39)
	at sun.reflect.DelegatingMethodAccessorImpl.invoke(DelegatingMethodAccessorImpl.java:25)
	at java.lang.reflect.Method.invoke(Method.java:597)
	at org.junit.runners.model.FrameworkMethod$1.runReflectiveCall(FrameworkMethod.java:44)
	at org.junit.internal.runners.model.ReflectiveCallable.run(ReflectiveCallable.java:15)
	at org.junit.runners.model.FrameworkMethod.invokeExplosively(FrameworkMethod.java:41)
	at org.junit.internal.runners.statements.InvokeMethod.evaluate(InvokeMethod.java:20)
	at org.junit.internal.runners.statements.RunBefores.evaluate(RunBefores.java:28)
	at org.junit.internal.runners.statements.RunAfters.evaluate(RunAfters.java:31)
	at org.junit.runners.ParentRunner.runLeaf(ParentRunner.java:263)
	at org.junit.runners.BlockJUnit4ClassRunner.runChild(BlockJUnit4ClassRunner.java:69)
	at org.junit.runners.BlockJUnit4ClassRunner.runChild(BlockJUnit4ClassRunner.java:48)
	at org.junit.runners.ParentRunner$3.run(ParentRunner.java:231)
	at org.junit.runners.ParentRunner$1.schedule(ParentRunner.java:60)
	at org.junit.runners.ParentRunner.runChildren(ParentRunner.java:229)
	at org.junit.runners.ParentRunner.access$000(ParentRunner.java:50)
	at org.junit.runners.ParentRunner$2.evaluate(ParentRunner.java:222)
	at org.junit.runners.ParentRunner.run(ParentRunner.java:292)
	at org.apache.maven.surefire.junit4.JUnit4TestSet.execute(JUnit4TestSet.java:35)
	at org.apache.maven.surefire.junit4.JUnit4Provider.executeTestSet(JUnit4Provider.java:115)
	at org.apache.maven.surefire.junit4.JUnit4Provider.invoke(JUnit4Provider.java:97)
	at sun.reflect.NativeMethodAccessorImpl.invoke0(Native Method)
	at sun.reflect.NativeMethodAccessorImpl.invoke(NativeMethodAccessorImpl.java:39)
	at sun.reflect.DelegatingMethodAccessorImpl.invoke(DelegatingMethodAccessorImpl.java:25)
	at java.lang.reflect.Method.invoke(Method.java:597)
	at org.apache.maven.surefire.booter.ProviderFactory$ClassLoaderProxy.invoke(ProviderFactory.java:103)
	at $Proxy0.invoke(Unknown Source)
	at org.apache.maven.surefire.booter.SurefireStarter.invokeProvider(SurefireStarter.java:150)
	at org.apache.maven.surefire.booter.SurefireStarter.runSuitesInProcess(SurefireStarter.java:91)
	at org.apache.maven.surefire.booter.ForkedBooter.main(ForkedBooter.java:69)
</error>
    <system-out>14:28:01,781 INFO  [JDBC] Connected to HSQL Database Engine 1.8.0
14:28:01,781 INFO  [JDBC] Using driver HSQL Database Engine Driver 1.8.0
14:28:01,781 INFO  [JDBC] JDBC version 3.0
14:28:01,784 INFO  [JDBCDBImporter] Importing tables from ___temp
14:28:01,785 INFO  [DBSystem] Fetching table details and ordering tables by dependency
14:28:01,794 INFO  [PagedTaskRunner] Running task GenerateAndConsumeTask(REFERER) 2 times with page size 1 in a single thread
14:28:01,796 INFO  [TimedGeneratorStatement] Created 2 data sets from &apos;referer&apos; setup in 4 ms (500/s)
</system-out>
  </testcase>
  <testcase time="0.027" classname="org.databene.benerator.engine.DatabaseIntegrationTest" name="testDynamicEntitySelector_partial">
    <error type="java.lang.NullPointerException">java.lang.NullPointerException
	at org.databene.commons.FileUtil.getFileIgnoreCase(FileUtil.java:281)
	at org.databene.jdbacl.model.cache.CachingDBImporter.getCacheFile(CachingDBImporter.java:100)
	at org.databene.jdbacl.model.cache.CachingDBImporter.updateCacheFile(CachingDBImporter.java:131)
	at org.databene.platform.db.DBSystem.close(DBSystem.java:382)
	at org.databene.benerator.engine.DatabaseIntegrationTest.closeAndCheckCleanup(DatabaseIntegrationTest.java:608)
	at org.databene.benerator.engine.DatabaseIntegrationTest.testDynamicEntitySelector_partial(DatabaseIntegrationTest.java:435)
	at sun.reflect.NativeMethodAccessorImpl.invoke0(Native Method)
	at sun.reflect.NativeMethodAccessorImpl.invoke(NativeMethodAccessorImpl.java:39)
	at sun.reflect.DelegatingMethodAccessorImpl.invoke(DelegatingMethodAccessorImpl.java:25)
	at java.lang.reflect.Method.invoke(Method.java:597)
	at org.junit.runners.model.FrameworkMethod$1.runReflectiveCall(FrameworkMethod.java:44)
	at org.junit.internal.runners.model.ReflectiveCallable.run(ReflectiveCallable.java:15)
	at org.junit.runners.model.FrameworkMethod.invokeExplosively(FrameworkMethod.java:41)
	at org.junit.internal.runners.statements.InvokeMethod.evaluate(InvokeMethod.java:20)
	at org.junit.internal.runners.statements.RunBefores.evaluate(RunBefores.java:28)
	at org.junit.internal.runners.statements.RunAfters.evaluate(RunAfters.java:31)
	at org.junit.runners.ParentRunner.runLeaf(ParentRunner.java:263)
	at org.junit.runners.BlockJUnit4ClassRunner.runChild(BlockJUnit4ClassRunner.java:69)
	at org.junit.runners.BlockJUnit4ClassRunner.runChild(BlockJUnit4ClassRunner.java:48)
	at org.junit.runners.ParentRunner$3.run(ParentRunner.java:231)
	at org.junit.runners.ParentRunner$1.schedule(ParentRunner.java:60)
	at org.junit.runners.ParentRunner.runChildren(ParentRunner.java:229)
	at org.junit.runners.ParentRunner.access$000(ParentRunner.java:50)
	at org.junit.runners.ParentRunner$2.evaluate(ParentRunner.java:222)
	at org.junit.runners.ParentRunner.run(ParentRunner.java:292)
	at org.apache.maven.surefire.junit4.JUnit4TestSet.execute(JUnit4TestSet.java:35)
	at org.apache.maven.surefire.junit4.JUnit4Provider.executeTestSet(JUnit4Provider.java:115)
	at org.apache.maven.surefire.junit4.JUnit4Provider.invoke(JUnit4Provider.java:97)
	at sun.reflect.NativeMethodAccessorImpl.invoke0(Native Method)
	at sun.reflect.NativeMethodAccessorImpl.invoke(NativeMethodAccessorImpl.java:39)
	at sun.reflect.DelegatingMethodAccessorImpl.invoke(DelegatingMethodAccessorImpl.java:25)
	at java.lang.reflect.Method.invoke(Method.java:597)
	at org.apache.maven.surefire.booter.ProviderFactory$ClassLoaderProxy.invoke(ProviderFactory.java:103)
	at $Proxy0.invoke(Unknown Source)
	at org.apache.maven.surefire.booter.SurefireStarter.invokeProvider(SurefireStarter.java:150)
	at org.apache.maven.surefire.booter.SurefireStarter.runSuitesInProcess(SurefireStarter.java:91)
	at org.apache.maven.surefire.booter.ForkedBooter.main(ForkedBooter.java:69)
</error>
    <system-out>14:28:01,800 INFO  [JDBC] Connected to HSQL Database Engine 1.8.0
14:28:01,800 INFO  [JDBC] Using driver HSQL Database Engine Driver 1.8.0
14:28:01,800 INFO  [JDBC] JDBC version 3.0
14:28:01,804 INFO  [JDBCDBImporter] Importing tables from ___temp
14:28:01,805 INFO  [DBSystem] Fetching table details and ordering tables by dependency
14:28:01,819 INFO  [PagedTaskRunner] Running task GenerateAndConsumeTask(REFERER) 2 times with page size 1 in a single thread
14:28:01,823 INFO  [TimedGeneratorStatement] Created 2 data sets from &apos;referer&apos; setup in 7 ms (285/s)
</system-out>
  </testcase>
  <testcase time="0.051" classname="org.databene.benerator.engine.DatabaseIntegrationTest" name="testDynamicEntitySelector_complete">
    <error type="java.lang.NullPointerException">java.lang.NullPointerException
	at org.databene.commons.FileUtil.getFileIgnoreCase(FileUtil.java:281)
	at org.databene.jdbacl.model.cache.CachingDBImporter.getCacheFile(CachingDBImporter.java:100)
	at org.databene.jdbacl.model.cache.CachingDBImporter.updateCacheFile(CachingDBImporter.java:131)
	at org.databene.platform.db.DBSystem.close(DBSystem.java:382)
[...]
	at $Proxy0.invoke(Unknown Source)
	at org.apache.maven.surefire.booter.SurefireStarter.invokeProvider(SurefireStarter.java:150)
	at org.apache.maven.surefire.booter.SurefireStarter.runSuitesInProcess(SurefireStarter.java:91)
	at org.apache.maven.surefire.booter.ForkedBooter.main(ForkedBooter.java:69)
</error>
    <system-out>14:28:02,023 INFO  [JDBC] Connected to HSQL Database Engine 1.8.0
14:28:02,024 INFO  [JDBC] Using driver HSQL Database Engine Driver 1.8.0
14:28:02,024 INFO  [JDBC] JDBC version 3.0
14:28:02,037 INFO  [JDBCDBImporter] Importing tables from ___temp
14:28:02,038 INFO  [DBSystem] Fetching table details and ordering tables by dependency
14:28:02,060 INFO  [PagedTaskRunner] Running task GenerateAndConsumeTask(REFERER) 2 times with page size 1 in a single thread
14:28:02,065 INFO  [TimedGeneratorStatement] Created 2 data sets from &apos;referer&apos; setup in 11 ms (181/s)
</system-out>
  </testcase>
  <testcase time="0.04" classname="org.databene.benerator.engine.DatabaseIntegrationTest" name="testDynamicValueSelectorUsingVariable">
    <error type="java.lang.NullPointerException">java.lang.NullPointerException
	at org.databene.commons.FileUtil.getFileIgnoreCase(FileUtil.java:281)
	at org.databene.jdbacl.model.cache.CachingDBImporter.getCacheFile(CachingDBImporter.java:100)
	at org.databene.jdbacl.model.cache.CachingDBImporter.updateCacheFile(CachingDBImporter.java:131)
	at org.databene.platform.db.DBSystem.close(DBSystem.java:382)
	at org.databene.benerator.engine.DatabaseIntegrationTest.closeAndCheckCleanup(DatabaseIntegrationTest.java:608)
	at org.databene.benerator.engine.DatabaseIntegrationTest.testDynamicValueSelectorUsingVariable(DatabaseIntegrationTest.java:526)
	at sun.reflect.NativeMethodAccessorImpl.invoke0(Native Method)
	at sun.reflect.NativeMethodAccessorImpl.invoke(NativeMethodAccessorImpl.java:39)
	at sun.reflect.DelegatingMethodAccessorImpl.invoke(DelegatingMethodAccessorImpl.java:25)
	at java.lang.reflect.Method.invoke(Method.java:597)
	at org.junit.runners.model.FrameworkMethod$1.runReflectiveCall(FrameworkMethod.java:44)
	at org.junit.internal.runners.model.ReflectiveCallable.run(ReflectiveCallable.java:15)
	at org.junit.runners.model.FrameworkMethod.invokeExplosively(FrameworkMethod.java:41)
	at org.junit.internal.runners.statements.InvokeMethod.evaluate(InvokeMethod.java:20)
	at org.junit.internal.runners.statements.RunBefores.evaluate(RunBefores.java:28)
	at org.junit.internal.runners.statements.RunAfters.evaluate(RunAfters.java:31)
	at org.junit.runners.ParentRunner.runLeaf(ParentRunner.java:263)
	at org.junit.runners.BlockJUnit4ClassRunner.runChild(BlockJUnit4ClassRunner.java:69)
	at org.junit.runners.BlockJUnit4ClassRunner.runChild(BlockJUnit4ClassRunner.java:48)
	at org.junit.runners.ParentRunner$3.run(ParentRunner.java:231)
	at org.junit.runners.ParentRunner$1.schedule(ParentRunner.java:60)
	at org.junit.runners.ParentRunner.runChildren(ParentRunner.java:229)
	at org.junit.runners.ParentRunner.access$000(ParentRunner.java:50)
	at org.junit.runners.ParentRunner$2.evaluate(ParentRunner.java:222)
	at org.junit.runners.ParentRunner.run(ParentRunner.java:292)
	at org.apache.maven.surefire.junit4.JUnit4TestSet.execute(JUnit4TestSet.java:35)
	at org.apache.maven.surefire.junit4.JUnit4Provider.executeTestSet(JUnit4Provider.java:115)
	at org.apache.maven.surefire.junit4.JUnit4Provider.invoke(JUnit4Provider.java:97)
	at sun.reflect.NativeMethodAccessorImpl.invoke0(Native Method)
	at sun.reflect.NativeMethodAccessorImpl.invoke(NativeMethodAccessorImpl.java:39)
	at sun.reflect.DelegatingMethodAccessorImpl.invoke(DelegatingMethodAccessorImpl.java:25)
	at java.lang.reflect.Method.invoke(Method.java:597)
	at org.apache.maven.surefire.booter.ProviderFactory$ClassLoaderProxy.invoke(ProviderFactory.java:103)
	at $Proxy0.invoke(Unknown Source)
	at org.apache.maven.surefire.booter.SurefireStarter.invokeProvider(SurefireStarter.java:150)
	at org.apache.maven.surefire.booter.SurefireStarter.runSuitesInProcess(SurefireStarter.java:91)
	at org.apache.maven.surefire.booter.ForkedBooter.main(ForkedBooter.java:69)
</error>
    <system-out>14:28:02,082 INFO  [JDBC] Connected to HSQL Database Engine 1.8.0
14:28:02,082 INFO  [JDBC] Using driver HSQL Database Engine Driver 1.8.0
14:28:02,082 INFO  [JDBC] JDBC version 3.0
14:28:02,089 INFO  [JDBCDBImporter] Importing tables from ___temp
14:28:02,090 INFO  [DBSystem] Fetching table details and ordering tables by dependency
14:28:02,107 INFO  [PagedTaskRunner] Running task GenerateAndConsumeTask(REFERER) 2 times with page size 1 in a single thread
14:28:02,115 INFO  [TimedGeneratorStatement] Created 2 data sets from &apos;referer&apos; setup in 15 ms (133/s)
</system-out>
  </testcase>
  <testcase time="0.06" classname="org.databene.benerator.engine.DatabaseIntegrationTest" name="testDynamicValueSelectorUsingAttribute">
    <error type="java.lang.NullPointerException">java.lang.NullPointerException
	at org.databene.commons.FileUtil.getFileIgnoreCase(FileUtil.java:281)
	at org.databene.jdbacl.model.cache.CachingDBImporter.getCacheFile(CachingDBImporter.java:100)
	at org.databene.jdbacl.model.cache.CachingDBImporter.updateCacheFile(CachingDBImporter.java:131)
	at org.databene.platform.db.DBSystem.close(DBSystem.java:382)
	at org.databene.benerator.engine.DatabaseIntegrationTest.closeAndCheckCleanup(DatabaseIntegrationTest.java:608)
	at org.databene.benerator.engine.DatabaseIntegrationTest.testDynamicValueSelectorUsingAttribute(DatabaseIntegrationTest.java:541)
	at sun.reflect.NativeMethodAccessorImpl.invoke0(Native Method)
	at sun.reflect.NativeMethodAccessorImpl.invoke(NativeMethodAccessorImpl.java:39)
	at sun.reflect.DelegatingMethodAccessorImpl.invoke(DelegatingMethodAccessorImpl.java:25)
	at java.lang.reflect.Method.invoke(Method.java:597)
	at org.junit.runners.model.FrameworkMethod$1.runReflectiveCall(FrameworkMethod.java:44)
	at org.junit.internal.runners.model.ReflectiveCallable.run(ReflectiveCallable.java:15)
	at org.junit.runners.model.FrameworkMethod.invokeExplosively(FrameworkMethod.java:41)
	at org.junit.internal.runners.statements.InvokeMethod.evaluate(InvokeMethod.java:20)
	at org.junit.internal.runners.statements.RunBefores.evaluate(RunBefores.java:28)
	at org.junit.internal.runners.statements.RunAfters.evaluate(RunAfters.java:31)
	at org.junit.runners.ParentRunner.runLeaf(ParentRunner.java:263)
	at org.junit.runners.BlockJUnit4ClassRunner.runChild(BlockJUnit4ClassRunner.java:69)
	at org.junit.runners.BlockJUnit4ClassRunner.runChild(BlockJUnit4ClassRunner.java:48)
	at org.junit.runners.ParentRunner$3.run(ParentRunner.java:231)
	at org.junit.runners.ParentRunner$1.schedule(ParentRunner.java:60)
	at org.junit.runners.ParentRunner.runChildren(ParentRunner.java:229)
	at org.junit.runners.ParentRunner.access$000(ParentRunner.java:50)
	at org.junit.runners.ParentRunner$2.evaluate(ParentRunner.java:222)
	at org.junit.runners.ParentRunner.run(ParentRunner.java:292)
	at org.apache.maven.surefire.junit4.JUnit4TestSet.execute(JUnit4TestSet.java:35)
	at org.apache.maven.surefire.junit4.JUnit4Provider.executeTestSet(JUnit4Provider.java:115)
	at org.apache.maven.surefire.junit4.JUnit4Provider.invoke(JUnit4Provider.java:97)
	at sun.reflect.NativeMethodAccessorImpl.invoke0(Native Method)
	at sun.reflect.NativeMethodAccessorImpl.invoke(NativeMethodAccessorImpl.java:39)
	at sun.reflect.DelegatingMethodAccessorImpl.invoke(DelegatingMethodAccessorImpl.java:25)
	at java.lang.reflect.Method.invoke(Method.java:597)
	at org.apache.maven.surefire.booter.ProviderFactory$ClassLoaderProxy.invoke(ProviderFactory.java:103)
	at $Proxy0.invoke(Unknown Source)
	at org.apache.maven.surefire.booter.SurefireStarter.invokeProvider(SurefireStarter.java:150)
	at org.apache.maven.surefire.booter.SurefireStarter.runSuitesInProcess(SurefireStarter.java:91)
	at org.apache.maven.surefire.booter.ForkedBooter.main(ForkedBooter.java:69)
</error>
    <system-out>14:28:02,121 INFO  [JDBC] Connected to HSQL Database Engine 1.8.0
14:28:02,121 INFO  [JDBC] Using driver HSQL Database Engine Driver 1.8.0
14:28:02,122 INFO  [JDBC] JDBC version 3.0
14:28:02,126 INFO  [JDBCDBImporter] Importing tables from ___temp
14:28:02,134 INFO  [DBSystem] Fetching table details and ordering tables by dependency
14:28:02,153 INFO  [PagedTaskRunner] Running task GenerateAndConsumeTask(REFERER) 2 times with page size 1 in a single thread
14:28:02,178 INFO  [TimedGeneratorStatement] Created 2 data sets from &apos;referer&apos; setup in 27 ms (74/s)
</system-out>
  </testcase>
  <testcase time="0.039" classname="org.databene.benerator.engine.DatabaseIntegrationTest" name="testStaticValueSelectorWithEmptyResultSet">
    <error type="java.lang.NullPointerException">java.lang.NullPointerException
	at org.databene.commons.FileUtil.getFileIgnoreCase(FileUtil.java:281)
	at org.databene.jdbacl.model.cache.CachingDBImporter.getCacheFile(CachingDBImporter.java:100)
	at org.databene.jdbacl.model.cache.CachingDBImporter.updateCacheFile(CachingDBImporter.java:131)
	at org.databene.platform.db.DBSystem.close(DBSystem.java:382)
	at org.databene.benerator.engine.DatabaseIntegrationTest.closeAndCheckCleanup(DatabaseIntegrationTest.java:608)
	at org.databene.benerator.engine.DatabaseIntegrationTest.testStaticValueSelectorWithEmptyResultSet(DatabaseIntegrationTest.java:553)
	at sun.reflect.NativeMethodAccessorImpl.invoke0(Native Method)
	at sun.reflect.NativeMethodAccessorImpl.invoke(NativeMethodAccessorImpl.java:39)
	at sun.reflect.DelegatingMethodAccessorImpl.invoke(DelegatingMethodAccessorImpl.java:25)
	at java.lang.reflect.Method.invoke(Method.java:597)
	at org.junit.runners.model.FrameworkMethod$1.runReflectiveCall(FrameworkMethod.java:44)
	at org.junit.internal.runners.model.ReflectiveCallable.run(ReflectiveCallable.java:15)
	at org.junit.runners.model.FrameworkMethod.invokeExplosively(FrameworkMethod.java:41)
	at org.junit.internal.runners.statements.InvokeMethod.evaluate(InvokeMethod.java:20)
	at org.junit.internal.runners.statements.RunBefores.evaluate(RunBefores.java:28)
	at org.junit.internal.runners.statements.RunAfters.evaluate(RunAfters.java:31)
	at org.junit.runners.ParentRunner.runLeaf(ParentRunner.java:263)
	at org.junit.runners.BlockJUnit4ClassRunner.runChild(BlockJUnit4ClassRunner.java:69)
	at org.junit.runners.BlockJUnit4ClassRunner.runChild(BlockJUnit4ClassRunner.java:48)
	at org.junit.runners.ParentRunner$3.run(ParentRunner.java:231)
	at org.junit.runners.ParentRunner$1.schedule(ParentRunner.java:60)
	at org.junit.runners.ParentRunner.runChildren(ParentRunner.java:229)
	at org.junit.runners.ParentRunner.access$000(ParentRunner.java:50)
	at org.junit.runners.ParentRunner$2.evaluate(ParentRunner.java:222)
	at org.junit.runners.ParentRunner.run(ParentRunner.java:292)
	at org.apache.maven.surefire.junit4.JUnit4TestSet.execute(JUnit4TestSet.java:35)
	at org.apache.maven.surefire.junit4.JUnit4Provider.executeTestSet(JUnit4Provider.java:115)
	at org.apache.maven.surefire.junit4.JUnit4Provider.invoke(JUnit4Provider.java:97)
	at sun.reflect.NativeMethodAccessorImpl.invoke0(Native Method)
	at sun.reflect.NativeMethodAccessorImpl.invoke(NativeMethodAccessorImpl.java:39)
	at sun.reflect.DelegatingMethodAccessorImpl.invoke(DelegatingMethodAccessorImpl.java:25)
	at java.lang.reflect.Method.invoke(Method.java:597)
	at org.apache.maven.surefire.booter.ProviderFactory$ClassLoaderProxy.invoke(ProviderFactory.java:103)
	at $Proxy0.invoke(Unknown Source)
	at org.apache.maven.surefire.booter.SurefireStarter.invokeProvider(SurefireStarter.java:150)
	at org.apache.maven.surefire.booter.SurefireStarter.runSuitesInProcess(SurefireStarter.java:91)
	at org.apache.maven.surefire.booter.ForkedBooter.main(ForkedBooter.java:69)
</error>
    <system-out>14:28:02,181 INFO  [JDBC] Connected to HSQL Database Engine 1.8.0
14:28:02,181 INFO  [JDBC] Using driver HSQL Database Engine Driver 1.8.0
14:28:02,181 INFO  [JDBC] JDBC version 3.0
14:28:02,185 INFO  [JDBCDBImporter] Importing tables from ___temp
14:28:02,185 INFO  [DBSystem] Fetching table details and ordering tables by dependency
14:28:02,215 INFO  [PagedTaskRunner] Running task GenerateAndConsumeTask(REFERER) 
14:28:02,217 INFO  [TimedGeneratorStatement] No data created for &apos;referer&apos; setup
</system-out>
  </testcase>
  <testcase time="0.019" classname="org.databene.benerator.engine.DatabaseIntegrationTest" name="testStaticValueSelectorWithNullResult">
    <error type="java.lang.NullPointerException">java.lang.NullPointerException
	at org.databene.commons.FileUtil.getFileIgnoreCase(FileUtil.java:281)
	at org.databene.jdbacl.model.cache.CachingDBImporter.getCacheFile(CachingDBImporter.java:100)
	at org.databene.jdbacl.model.cache.CachingDBImporter.updateCacheFile(CachingDBImporter.java:131)
	at org.databene.platform.db.DBSystem.close(DBSystem.java:382)
	at org.databene.benerator.engine.DatabaseIntegrationTest.closeAndCheckCleanup(DatabaseIntegrationTest.java:608)
	at org.databene.benerator.engine.DatabaseIntegrationTest.testStaticValueSelectorWithNullResult(DatabaseIntegrationTest.java:567)
	at sun.reflect.NativeMethodAccessorImpl.invoke0(Native Method)
	at sun.reflect.NativeMethodAccessorImpl.invoke(NativeMethodAccessorImpl.java:39)
	at sun.reflect.DelegatingMethodAccessorImpl.invoke(DelegatingMethodAccessorImpl.java:25)
	at java.lang.reflect.Method.invoke(Method.java:597)
	at org.junit.runners.model.FrameworkMethod$1.runReflectiveCall(FrameworkMethod.java:44)
	at org.junit.internal.runners.model.ReflectiveCallable.run(ReflectiveCallable.java:15)
	at org.junit.runners.model.FrameworkMethod.invokeExplosively(FrameworkMethod.java:41)
	at org.junit.internal.runners.statements.InvokeMethod.evaluate(InvokeMethod.java:20)
	at org.junit.internal.runners.statements.RunBefores.evaluate(RunBefores.java:28)
	at org.junit.internal.runners.statements.RunAfters.evaluate(RunAfters.java:31)
	at org.junit.runners.ParentRunner.runLeaf(ParentRunner.java:263)
	at org.junit.runners.BlockJUnit4ClassRunner.runChild(BlockJUnit4ClassRunner.java:69)
	at org.junit.runners.BlockJUnit4ClassRunner.runChild(BlockJUnit4ClassRunner.java:48)
	at org.junit.runners.ParentRunner$3.run(ParentRunner.java:231)
	at org.junit.runners.ParentRunner$1.schedule(ParentRunner.java:60)
	at org.junit.runners.ParentRunner.runChildren(ParentRunner.java:229)
	at org.junit.runners.ParentRunner.access$000(ParentRunner.java:50)
	at org.junit.runners.ParentRunner$2.evaluate(ParentRunner.java:222)
	at org.junit.runners.ParentRunner.run(ParentRunner.java:292)
	at org.apache.maven.surefire.junit4.JUnit4TestSet.execute(JUnit4TestSet.java:35)
	at org.apache.maven.surefire.junit4.JUnit4Provider.executeTestSet(JUnit4Provider.java:115)
	at org.apache.maven.surefire.junit4.JUnit4Provider.invoke(JUnit4Provider.java:97)
	at sun.reflect.NativeMethodAccessorImpl.invoke0(Native Method)
	at sun.reflect.NativeMethodAccessorImpl.invoke(NativeMethodAccessorImpl.java:39)
	at sun.reflect.DelegatingMethodAccessorImpl.invoke(DelegatingMethodAccessorImpl.java:25)
	at java.lang.reflect.Method.invoke(Method.java:597)
	at org.apache.maven.surefire.booter.ProviderFactory$ClassLoaderProxy.invoke(ProviderFactory.java:103)
	at $Proxy0.invoke(Unknown Source)
	at org.apache.maven.surefire.booter.SurefireStarter.invokeProvider(SurefireStarter.java:150)
	at org.apache.maven.surefire.booter.SurefireStarter.runSuitesInProcess(SurefireStarter.java:91)
	at org.apache.maven.surefire.booter.ForkedBooter.main(ForkedBooter.java:69)
</error>
    <system-out>14:28:02,220 INFO  [JDBC] Connected to HSQL Database Engine 1.8.0
14:28:02,221 INFO  [JDBC] Using driver HSQL Database Engine Driver 1.8.0
14:28:02,221 INFO  [JDBC] JDBC version 3.0
14:28:02,226 INFO  [JDBCDBImporter] Importing tables from ___temp
14:28:02,226 INFO  [DBSystem] Fetching table details and ordering tables by dependency
14:28:02,235 INFO  [PagedTaskRunner] Running task GenerateAndConsumeTask(REFERER) 2 times with page size 1 in a single thread
14:28:02,237 INFO  [TimedGeneratorStatement] Created 2 data sets from &apos;referer&apos; setup in 3 ms (666/s)
</system-out>
  </testcase>
  <testcase time="0.029" classname="org.databene.benerator.engine.DatabaseIntegrationTest" name="testUpdater">
    <error type="java.lang.NullPointerException">java.lang.NullPointerException
	at org.databene.commons.FileUtil.getFileIgnoreCase(FileUtil.java:281)
	at org.databene.jdbacl.model.cache.CachingDBImporter.getCacheFile(CachingDBImporter.java:100)
	at org.databene.jdbacl.model.cache.CachingDBImporter.updateCacheFile(CachingDBImporter.java:131)
	at org.databene.platform.db.DBSystem.close(DBSystem.java:382)
	at org.databene.benerator.engine.DatabaseIntegrationTest.closeAndCheckCleanup(DatabaseIntegrationTest.java:608)
	at org.databene.benerator.engine.DatabaseIntegrationTest.testUpdater(DatabaseIntegrationTest.java:586)
	at sun.reflect.NativeMethodAccessorImpl.invoke0(Native Method)
	at sun.reflect.NativeMethodAccessorImpl.invoke(NativeMethodAccessorImpl.java:39)
	at sun.reflect.DelegatingMethodAccessorImpl.invoke(DelegatingMethodAccessorImpl.java:25)
	at java.lang.reflect.Method.invoke(Method.java:597)
	at org.junit.runners.model.FrameworkMethod$1.runReflectiveCall(FrameworkMethod.java:44)
	at org.junit.internal.runners.model.ReflectiveCallable.run(ReflectiveCallable.java:15)
	at org.junit.runners.model.FrameworkMethod.invokeExplosively(FrameworkMethod.java:41)
	at org.junit.internal.runners.statements.InvokeMethod.evaluate(InvokeMethod.java:20)
	at org.junit.internal.runners.statements.RunBefores.evaluate(RunBefores.java:28)
	at org.junit.internal.runners.statements.RunAfters.evaluate(RunAfters.java:31)
	at org.junit.runners.ParentRunner.runLeaf(ParentRunner.java:263)
	at org.junit.runners.BlockJUnit4ClassRunner.runChild(BlockJUnit4ClassRunner.java:69)
	at org.junit.runners.BlockJUnit4ClassRunner.runChild(BlockJUnit4ClassRunner.java:48)
	at org.junit.runners.ParentRunner$3.run(ParentRunner.java:231)
	at org.junit.runners.ParentRunner$1.schedule(ParentRunner.java:60)
	at org.junit.runners.ParentRunner.runChildren(ParentRunner.java:229)
	at org.junit.runners.ParentRunner.access$000(ParentRunner.java:50)
	at org.junit.runners.ParentRunner$2.evaluate(ParentRunner.java:222)
	at org.junit.runners.ParentRunner.run(ParentRunner.java:292)
	at org.apache.maven.surefire.junit4.JUnit4TestSet.execute(JUnit4TestSet.java:35)
	at org.apache.maven.surefire.junit4.JUnit4Provider.executeTestSet(JUnit4Provider.java:115)
	at org.apache.maven.surefire.junit4.JUnit4Provider.invoke(JUnit4Provider.java:97)
	at sun.reflect.NativeMethodAccessorImpl.invoke0(Native Method)
	at sun.reflect.NativeMethodAccessorImpl.invoke(NativeMethodAccessorImpl.java:39)
	at sun.reflect.DelegatingMethodAccessorImpl.invoke(DelegatingMethodAccessorImpl.java:25)
	at java.lang.reflect.Method.invoke(Method.java:597)
	at org.apache.maven.surefire.booter.ProviderFactory$ClassLoaderProxy.invoke(ProviderFactory.java:103)
	at $Proxy0.invoke(Unknown Source)
	at org.apache.maven.surefire.booter.SurefireStarter.invokeProvider(SurefireStarter.java:150)
	at org.apache.maven.surefire.booter.SurefireStarter.runSuitesInProcess(SurefireStarter.java:91)
	at org.apache.maven.surefire.booter.ForkedBooter.main(ForkedBooter.java:69)
</error>
    <system-out>14:28:02,240 INFO  [JDBC] Connected to HSQL Database Engine 1.8.0
14:28:02,240 INFO  [JDBC] Using driver HSQL Database Engine Driver 1.8.0
14:28:02,240 INFO  [JDBC] JDBC version 3.0
14:28:02,244 INFO  [JDBCDBImporter] Importing tables from ___temp
14:28:02,245 INFO  [DBSystem] Fetching table details and ordering tables by dependency
14:28:02,254 INFO  [PagedTaskRunner] Running task GenerateAndConsumeTask(REFEREE) 
14:28:02,263 INFO  [TimedGeneratorStatement] Created 2 data sets from &apos;referee&apos; setup in 11 ms (181/s)
</system-out>
  </testcase>
  <testcase time="0.035" classname="org.databene.benerator.engine.DatabaseIntegrationTest" name="testUpdateOnNonExistingPK"/>
</testsuite>